#
# There is insufficient memory for the Java Runtime Environment to continue.
# Native memory allocation (malloc) failed to allocate 32744 bytes for ChunkPool::allocate
# Possible reasons:
#   The system is out of physical RAM or swap space
#   The process is running with CompressedOops enabled, and the Java Heap may be blocking the growth of the native heap
# Possible solutions:
#   Reduce memory load on the system
#   Increase physical memory or swap space
#   Check if swap backing store is full
#   Decrease Java heap size (-Xmx/-Xms)
#   Decrease number of Java threads
#   Decrease Java thread stack sizes (-Xss)
#   Set larger code cache with -XX:ReservedCodeCacheSize=
#   JVM is running with Unscaled Compressed Oops mode in which the Java heap is
#     placed in the first 4GB address space. The Java Heap base address is the
#     maximum limit for the native heap growth. Please use -XX:HeapBaseMinAddress
#     to set the Java Heap base and to place the Java Heap above 4GB virtual address.
# This output file may be truncated or incomplete.
#
#  Out of Memory Error (arena.cpp:81), pid=14264, tid=4400
#
# JRE version: OpenJDK Runtime Environment Microsoft-8035250 (11.0.20+8) (build 11.0.20+8-LTS)
# Java VM: OpenJDK 64-Bit Server VM Microsoft-8035250 (11.0.20+8-LTS, mixed mode, tiered, compressed oops, g1 gc, windows-amd64)
# No core dump will be written. Minidumps are not enabled by default on client versions of Windows
#

---------------  S U M M A R Y ------------

Command Line: -Xmx64m -Xms64m -Dorg.gradle.appname=gradlew org.gradle.wrapper.GradleWrapperMain clean

Host: 12th Gen Intel(R) Core(TM) i5-12400F, 12 cores, 15G,  Windows 11 , 64 bit Build 22621 (10.0.22621.2070)
Time: Wed Aug  9 17:01:12 2023 India Standard Time elapsed time: 6.248333 seconds (0d 0h 0m 6s)

---------------  T H R E A D  ---------------

Current thread (0x00000206c4abc800):  JavaThread "C2 CompilerThread0" daemon [_thread_in_native, id=4400, stack(0x000000bb7b900000,0x000000bb7ba00000)]


Current CompileTask:
C2:   6248 1400       4       java.lang.AbstractStringBuilder::append (45 bytes)

Stack: [0x000000bb7b900000,0x000000bb7ba00000]
Native frames: (J=compiled Java code, j=interpreted, Vv=VM code, C=native code)
V  [jvm.dll+0x62e9da]
V  [jvm.dll+0x7bc4e9]
V  [jvm.dll+0x7bdbd8]
V  [jvm.dll+0x7be2b3]
V  [jvm.dll+0x2505a8]
V  [jvm.dll+0xc289b]
V  [jvm.dll+0xc2bfc]
V  [jvm.dll+0x51bb75]
V  [jvm.dll+0x19eec8]
V  [jvm.dll+0x2098c5]
V  [jvm.dll+0x20893d]
V  [jvm.dll+0x18a7de]
V  [jvm.dll+0x2181ec]
V  [jvm.dll+0x21642b]
V  [jvm.dll+0x77efc0]
V  [jvm.dll+0x777db4]
V  [jvm.dll+0x62d845]
C  [ucrtbase.dll+0x29363]
C  [KERNEL32.DLL+0x126ad]
C  [ntdll.dll+0x5aa68]


---------------  P R O C E S S  ---------------

Threads class SMR info:
_java_thread_list=0x00000206c677c580, length=13, elements={
0x00000206a7fe7000, 0x00000206c4a69000, 0x00000206c4a5e000, 0x00000206c4ab9000,
0x00000206c4aba000, 0x00000206c4abb000, 0x00000206c4abc800, 0x00000206c4abd800,
0x00000206c4ac9800, 0x00000206c555e000, 0x00000206c60cc000, 0x00000206c5fb4000,
0x00000206c5797000
}

Java Threads: ( => current thread )
  0x00000206a7fe7000 JavaThread "main" [_thread_blocked, id=15468, stack(0x000000bb7ad00000,0x000000bb7ae00000)]
  0x00000206c4a69000 JavaThread "Reference Handler" daemon [_thread_blocked, id=8676, stack(0x000000bb7b400000,0x000000bb7b500000)]
  0x00000206c4a5e000 JavaThread "Finalizer" daemon [_thread_blocked, id=9992, stack(0x000000bb7b500000,0x000000bb7b600000)]
  0x00000206c4ab9000 JavaThread "Signal Dispatcher" daemon [_thread_blocked, id=13884, stack(0x000000bb7b600000,0x000000bb7b700000)]
  0x00000206c4aba000 JavaThread "Attach Listener" daemon [_thread_blocked, id=13700, stack(0x000000bb7b700000,0x000000bb7b800000)]
  0x00000206c4abb000 JavaThread "Service Thread" daemon [_thread_blocked, id=5532, stack(0x000000bb7b800000,0x000000bb7b900000)]
=>0x00000206c4abc800 JavaThread "C2 CompilerThread0" daemon [_thread_in_native, id=4400, stack(0x000000bb7b900000,0x000000bb7ba00000)]
  0x00000206c4abd800 JavaThread "C1 CompilerThread0" daemon [_thread_in_native, id=16144, stack(0x000000bb7ba00000,0x000000bb7bb00000)]
  0x00000206c4ac9800 JavaThread "Sweeper thread" daemon [_thread_blocked, id=18492, stack(0x000000bb7bb00000,0x000000bb7bc00000)]
  0x00000206c555e000 JavaThread "Common-Cleaner" daemon [_thread_blocked, id=3300, stack(0x000000bb7bd00000,0x000000bb7be00000)]
  0x00000206c60cc000 JavaThread "pool-1-thread-1" [_thread_in_native, id=11916, stack(0x000000bb7c000000,0x000000bb7c100000)]
  0x00000206c5fb4000 JavaThread "DisconnectableInputStream source reader" daemon [_thread_in_native, id=18068, stack(0x000000bb7c300000,0x000000bb7c400000)]
  0x00000206c5797000 JavaThread "Forward input" [_thread_blocked, id=4240, stack(0x000000bb7c400000,0x000000bb7c500000)]

Other Threads:
  0x00000206c4a31000 VMThread "VM Thread" [stack: 0x000000bb7b300000,0x000000bb7b400000] [id=18232]
  0x00000206c5553800 WatcherThread [stack: 0x000000bb7bc00000,0x000000bb7bd00000] [id=18012]
  0x00000206a7fff000 GCTaskThread "GC Thread#0" [stack: 0x000000bb7ae00000,0x000000bb7af00000] [id=12944]
  0x00000206c5e68000 GCTaskThread "GC Thread#1" [stack: 0x000000bb7bf00000,0x000000bb7c000000] [id=5660]
  0x00000206c5f3b800 GCTaskThread "GC Thread#2" [stack: 0x000000bb7c100000,0x000000bb7c200000] [id=16768]
  0x00000206c6651000 GCTaskThread "GC Thread#3" [stack: 0x000000bb7c200000,0x000000bb7c300000] [id=11092]
  0x00000206a8007800 ConcurrentGCThread "G1 Main Marker" [stack: 0x000000bb7af00000,0x000000bb7b000000] [id=14856]
  0x00000206a8009800 ConcurrentGCThread "G1 Conc#0" [stack: 0x000000bb7b000000,0x000000bb7b100000] [id=15640]
  0x00000206a807f800 ConcurrentGCThread "G1 Refine#0" [stack: 0x000000bb7b100000,0x000000bb7b200000] [id=2652]
  0x00000206a8082800 ConcurrentGCThread "G1 Young RemSet Sampling" [stack: 0x000000bb7b200000,0x000000bb7b300000] [id=13844]

Threads with active compile tasks:
C2 CompilerThread0     6258 1400       4       java.lang.AbstractStringBuilder::append (45 bytes)
C1 CompilerThread0     6258 1406       3       org.gradle.internal.logging.text.AbstractLineChoppingStyledTextOutput$StateContext::isCurrentCharEquals (70 bytes)

VM state:not at safepoint (normal execution)

VM Mutex/Monitor currently owned by a thread: None

Heap address: 0x00000000fc000000, size: 64 MB, Compressed Oops mode: 32-bit
Narrow klass base: 0x0000000000000000, Narrow klass shift: 3
Compressed class space size: 1073741824 Address: 0x0000000100000000

Heap:
 garbage-first heap   total 65536K, used 15441K [0x00000000fc000000, 0x0000000100000000)
  region size 1024K, 7 young (7168K), 3 survivors (3072K)
 Metaspace       used 17555K, capacity 17887K, committed 18048K, reserved 1064960K
  class space    used 1941K, capacity 2095K, committed 2176K, reserved 1048576K
Heap Regions: E=young(eden), S=young(survivor), O=old, HS=humongous(starts), HC=humongous(continues), CS=collection set, F=free, A=archive, TAMS=top-at-mark-start (previous, next)
|   0|0x00000000fc000000, 0x00000000fc100000, 0x00000000fc100000|100%|HS|  |TAMS 0x00000000fc000000, 0x00000000fc000000| Complete 
|   1|0x00000000fc100000, 0x00000000fc200000, 0x00000000fc200000|100%|HC|  |TAMS 0x00000000fc100000, 0x00000000fc100000| Complete 
|   2|0x00000000fc200000, 0x00000000fc300000, 0x00000000fc300000|100%|HC|  |TAMS 0x00000000fc200000, 0x00000000fc200000| Complete 
|   3|0x00000000fc300000, 0x00000000fc400000, 0x00000000fc400000|100%|HC|  |TAMS 0x00000000fc300000, 0x00000000fc300000| Complete 
|   4|0x00000000fc400000, 0x00000000fc500000, 0x00000000fc500000|100%| O|  |TAMS 0x00000000fc400000, 0x00000000fc400000| Untracked 
|   5|0x00000000fc500000, 0x00000000fc600000, 0x00000000fc600000|100%| O|  |TAMS 0x00000000fc500000, 0x00000000fc500000| Untracked 
|   6|0x00000000fc600000, 0x00000000fc700000, 0x00000000fc700000|100%| O|  |TAMS 0x00000000fc600000, 0x00000000fc600000| Untracked 
|   7|0x00000000fc700000, 0x00000000fc800000, 0x00000000fc800000|100%| O|  |TAMS 0x00000000fc700000, 0x00000000fc700000| Untracked 
|   8|0x00000000fc800000, 0x00000000fc900000, 0x00000000fc900000|100%| O|  |TAMS 0x00000000fc800000, 0x00000000fc800000| Untracked 
|   9|0x00000000fc900000, 0x00000000fca00000, 0x00000000fca00000|100%| O|  |TAMS 0x00000000fc900000, 0x00000000fc900000| Untracked 
|  10|0x00000000fca00000, 0x00000000fca00000, 0x00000000fcb00000|  0%| F|  |TAMS 0x00000000fca00000, 0x00000000fca00000| Untracked 
|  11|0x00000000fcb00000, 0x00000000fcb00000, 0x00000000fcc00000|  0%| F|  |TAMS 0x00000000fcb00000, 0x00000000fcb00000| Untracked 
|  12|0x00000000fcc00000, 0x00000000fcc00000, 0x00000000fcd00000|  0%| F|  |TAMS 0x00000000fcc00000, 0x00000000fcc00000| Untracked 
|  13|0x00000000fcd00000, 0x00000000fcd00000, 0x00000000fce00000|  0%| F|  |TAMS 0x00000000fcd00000, 0x00000000fcd00000| Untracked 
|  14|0x00000000fce00000, 0x00000000fce00000, 0x00000000fcf00000|  0%| F|  |TAMS 0x00000000fce00000, 0x00000000fce00000| Untracked 
|  15|0x00000000fcf00000, 0x00000000fcf00000, 0x00000000fd000000|  0%| F|  |TAMS 0x00000000fcf00000, 0x00000000fcf00000| Untracked 
|  16|0x00000000fd000000, 0x00000000fd000000, 0x00000000fd100000|  0%| F|  |TAMS 0x00000000fd000000, 0x00000000fd000000| Untracked 
|  17|0x00000000fd100000, 0x00000000fd100000, 0x00000000fd200000|  0%| F|  |TAMS 0x00000000fd100000, 0x00000000fd100000| Untracked 
|  18|0x00000000fd200000, 0x00000000fd200000, 0x00000000fd300000|  0%| F|  |TAMS 0x00000000fd200000, 0x00000000fd200000| Untracked 
|  19|0x00000000fd300000, 0x00000000fd300000, 0x00000000fd400000|  0%| F|  |TAMS 0x00000000fd300000, 0x00000000fd300000| Untracked 
|  20|0x00000000fd400000, 0x00000000fd400000, 0x00000000fd500000|  0%| F|  |TAMS 0x00000000fd400000, 0x00000000fd400000| Untracked 
|  21|0x00000000fd500000, 0x00000000fd500000, 0x00000000fd600000|  0%| F|  |TAMS 0x00000000fd500000, 0x00000000fd500000| Untracked 
|  22|0x00000000fd600000, 0x00000000fd600000, 0x00000000fd700000|  0%| F|  |TAMS 0x00000000fd600000, 0x00000000fd600000| Untracked 
|  23|0x00000000fd700000, 0x00000000fd700000, 0x00000000fd800000|  0%| F|  |TAMS 0x00000000fd700000, 0x00000000fd700000| Untracked 
|  24|0x00000000fd800000, 0x00000000fd800000, 0x00000000fd900000|  0%| F|  |TAMS 0x00000000fd800000, 0x00000000fd800000| Untracked 
|  25|0x00000000fd900000, 0x00000000fd900000, 0x00000000fda00000|  0%| F|  |TAMS 0x00000000fd900000, 0x00000000fd900000| Untracked 
|  26|0x00000000fda00000, 0x00000000fda00000, 0x00000000fdb00000|  0%| F|  |TAMS 0x00000000fda00000, 0x00000000fda00000| Untracked 
|  27|0x00000000fdb00000, 0x00000000fdb00000, 0x00000000fdc00000|  0%| F|  |TAMS 0x00000000fdb00000, 0x00000000fdb00000| Untracked 
|  28|0x00000000fdc00000, 0x00000000fdc00000, 0x00000000fdd00000|  0%| F|  |TAMS 0x00000000fdc00000, 0x00000000fdc00000| Untracked 
|  29|0x00000000fdd00000, 0x00000000fdd00000, 0x00000000fde00000|  0%| F|  |TAMS 0x00000000fdd00000, 0x00000000fdd00000| Untracked 
|  30|0x00000000fde00000, 0x00000000fde00000, 0x00000000fdf00000|  0%| F|  |TAMS 0x00000000fde00000, 0x00000000fde00000| Untracked 
|  31|0x00000000fdf00000, 0x00000000fdf00000, 0x00000000fe000000|  0%| F|  |TAMS 0x00000000fdf00000, 0x00000000fdf00000| Untracked 
|  32|0x00000000fe000000, 0x00000000fe000000, 0x00000000fe100000|  0%| F|  |TAMS 0x00000000fe000000, 0x00000000fe000000| Untracked 
|  33|0x00000000fe100000, 0x00000000fe114590, 0x00000000fe200000|  7%| S|CS|TAMS 0x00000000fe100000, 0x00000000fe100000| Complete 
|  34|0x00000000fe200000, 0x00000000fe300000, 0x00000000fe300000|100%| S|CS|TAMS 0x00000000fe200000, 0x00000000fe200000| Complete 
|  35|0x00000000fe300000, 0x00000000fe400000, 0x00000000fe400000|100%| S|CS|TAMS 0x00000000fe300000, 0x00000000fe300000| Complete 
|  36|0x00000000fe400000, 0x00000000fe400000, 0x00000000fe500000|  0%| F|  |TAMS 0x00000000fe400000, 0x00000000fe400000| Untracked 
|  37|0x00000000fe500000, 0x00000000fe500000, 0x00000000fe600000|  0%| F|  |TAMS 0x00000000fe500000, 0x00000000fe500000| Untracked 
|  38|0x00000000fe600000, 0x00000000fe600000, 0x00000000fe700000|  0%| F|  |TAMS 0x00000000fe600000, 0x00000000fe600000| Untracked 
|  39|0x00000000fe700000, 0x00000000fe700000, 0x00000000fe800000|  0%| F|  |TAMS 0x00000000fe700000, 0x00000000fe700000| Untracked 
|  40|0x00000000fe800000, 0x00000000fe800000, 0x00000000fe900000|  0%| F|  |TAMS 0x00000000fe800000, 0x00000000fe800000| Untracked 
|  41|0x00000000fe900000, 0x00000000fe900000, 0x00000000fea00000|  0%| F|  |TAMS 0x00000000fe900000, 0x00000000fe900000| Untracked 
|  42|0x00000000fea00000, 0x00000000fea00000, 0x00000000feb00000|  0%| F|  |TAMS 0x00000000fea00000, 0x00000000fea00000| Untracked 
|  43|0x00000000feb00000, 0x00000000feb00000, 0x00000000fec00000|  0%| F|  |TAMS 0x00000000feb00000, 0x00000000feb00000| Untracked 
|  44|0x00000000fec00000, 0x00000000fec00000, 0x00000000fed00000|  0%| F|  |TAMS 0x00000000fec00000, 0x00000000fec00000| Untracked 
|  45|0x00000000fed00000, 0x00000000fed00000, 0x00000000fee00000|  0%| F|  |TAMS 0x00000000fed00000, 0x00000000fed00000| Untracked 
|  46|0x00000000fee00000, 0x00000000fee00000, 0x00000000fef00000|  0%| F|  |TAMS 0x00000000fee00000, 0x00000000fee00000| Untracked 
|  47|0x00000000fef00000, 0x00000000fef00000, 0x00000000ff000000|  0%| F|  |TAMS 0x00000000fef00000, 0x00000000fef00000| Untracked 
|  48|0x00000000ff000000, 0x00000000ff000000, 0x00000000ff100000|  0%| F|  |TAMS 0x00000000ff000000, 0x00000000ff000000| Untracked 
|  49|0x00000000ff100000, 0x00000000ff100000, 0x00000000ff200000|  0%| F|  |TAMS 0x00000000ff100000, 0x00000000ff100000| Untracked 
|  50|0x00000000ff200000, 0x00000000ff200000, 0x00000000ff300000|  0%| F|  |TAMS 0x00000000ff200000, 0x00000000ff200000| Untracked 
|  51|0x00000000ff300000, 0x00000000ff300000, 0x00000000ff400000|  0%| F|  |TAMS 0x00000000ff300000, 0x00000000ff300000| Untracked 
|  52|0x00000000ff400000, 0x00000000ff400000, 0x00000000ff500000|  0%| F|  |TAMS 0x00000000ff400000, 0x00000000ff400000| Untracked 
|  53|0x00000000ff500000, 0x00000000ff500000, 0x00000000ff600000|  0%| F|  |TAMS 0x00000000ff500000, 0x00000000ff500000| Untracked 
|  54|0x00000000ff600000, 0x00000000ff600000, 0x00000000ff700000|  0%| F|  |TAMS 0x00000000ff600000, 0x00000000ff600000| Untracked 
|  55|0x00000000ff700000, 0x00000000ff700000, 0x00000000ff800000|  0%| F|  |TAMS 0x00000000ff700000, 0x00000000ff700000| Untracked 
|  56|0x00000000ff800000, 0x00000000ff800000, 0x00000000ff900000|  0%| F|  |TAMS 0x00000000ff800000, 0x00000000ff800000| Untracked 
|  57|0x00000000ff900000, 0x00000000ff900000, 0x00000000ffa00000|  0%| F|  |TAMS 0x00000000ff900000, 0x00000000ff900000| Untracked 
|  58|0x00000000ffa00000, 0x00000000ffa00000, 0x00000000ffb00000|  0%| F|  |TAMS 0x00000000ffa00000, 0x00000000ffa00000| Untracked 
|  59|0x00000000ffb00000, 0x00000000ffb00000, 0x00000000ffc00000|  0%| F|  |TAMS 0x00000000ffb00000, 0x00000000ffb00000| Untracked 
|  60|0x00000000ffc00000, 0x00000000ffc47260, 0x00000000ffd00000| 27%| E|  |TAMS 0x00000000ffc00000, 0x00000000ffc00000| Complete 
|  61|0x00000000ffd00000, 0x00000000ffe00000, 0x00000000ffe00000|100%| E|CS|TAMS 0x00000000ffd00000, 0x00000000ffd00000| Complete 
|  62|0x00000000ffe00000, 0x00000000fff00000, 0x00000000fff00000|100%| E|CS|TAMS 0x00000000ffe00000, 0x00000000ffe00000| Complete 
|  63|0x00000000fff00000, 0x0000000100000000, 0x0000000100000000|100%| E|CS|TAMS 0x00000000fff00000, 0x00000000fff00000| Complete 

Card table byte_map: [0x00000206c1bf0000,0x00000206c1c10000] _byte_map_base: 0x00000206c1410000

Marking Bits (Prev, Next): (CMBitMap*) 0x00000206a80066c8, (CMBitMap*) 0x00000206a8006700
 Prev Bits: [0x00000206c1c30000, 0x00000206c1d30000)
 Next Bits: [0x00000206c1d30000, 0x00000206c1e30000)

Polling page: 0x00000206a80c0000

Metaspace:

Usage:
  Non-class:     15.42 MB capacity,    15.25 MB ( 99%) used,   150.88 KB ( <1%) free+waste,    26.81 KB ( <1%) overhead. 
      Class:      2.05 MB capacity,     1.90 MB ( 93%) used,   140.75 KB (  7%) free+waste,    12.94 KB ( <1%) overhead. 
       Both:     17.47 MB capacity,    17.14 MB ( 98%) used,   291.63 KB (  2%) free+waste,    39.75 KB ( <1%) overhead. 

Virtual space:
  Non-class space:       16.00 MB reserved,      15.50 MB ( 97%) committed 
      Class space:        1.00 GB reserved,       2.13 MB ( <1%) committed 
             Both:        1.02 GB reserved,      17.63 MB (  2%) committed 

Chunk freelists:
   Non-Class:  16.00 KB
       Class:  17.00 KB
        Both:  33.00 KB

MaxMetaspaceSize: 17179869184.00 GB
CompressedClassSpaceSize: 1.00 GB
Initial GC threshold: 20.80 MB
Current GC threshold: 20.80 MB
CDS: off

CodeHeap 'non-profiled nmethods': size=120000Kb used=595Kb max_used=595Kb free=119404Kb
 bounds [0x00000206b9a30000, 0x00000206b9ca0000, 0x00000206c0f60000]
CodeHeap 'profiled nmethods': size=120000Kb used=2799Kb max_used=2799Kb free=117201Kb
 bounds [0x00000206b2500000, 0x00000206b27c0000, 0x00000206b9a30000]
CodeHeap 'non-nmethods': size=5760Kb used=1177Kb max_used=1189Kb free=4582Kb
 bounds [0x00000206b1f60000, 0x00000206b21d0000, 0x00000206b2500000]
 total_blobs=1848 nmethods=1402 adapters=359
 compilation: enabled
              stopped_count=0, restarted_count=0
 full_count=0

Compilation events (20 events):
Event: 4.833 Thread 0x00000206c4abd800 1393       3       java.nio.CharBuffer::position (6 bytes)
Event: 4.834 Thread 0x00000206c4abd800 nmethod 1393 0x00000206b27ba190 code [0x00000206b27ba360, 0x00000206b27ba508]
Event: 5.354 Thread 0x00000206c4abd800 1394       3       java.util.concurrent.locks.AbstractQueuedSynchronizer::compareAndSetState (10 bytes)
Event: 5.355 Thread 0x00000206c4abd800 nmethod 1394 0x00000206b27ba610 code [0x00000206b27ba820, 0x00000206b27badf8]
Event: 5.429 Thread 0x00000206c4abd800 1395       1       org.gradle.internal.logging.events.UpdateNowEvent::getTimestamp (5 bytes)
Event: 5.429 Thread 0x00000206c4abd800 nmethod 1395 0x00000206b9ac3e10 code [0x00000206b9ac3fc0, 0x00000206b9ac4078]
Event: 5.642 Thread 0x00000206c4abd800 1396       3       java.util.concurrent.ThreadPoolExecutor::runStateAtLeast (11 bytes)
Event: 5.643 Thread 0x00000206c4abd800 nmethod 1396 0x00000206b27bb010 code [0x00000206b27bb1c0, 0x00000206b27bb2f8]
Event: 6.228 Thread 0x00000206c4abc800 1397       4       java.util.ArrayList$Itr::hasNext (20 bytes)
Event: 6.229 Thread 0x00000206c4abc800 nmethod 1397 0x00000206b9ac4110 code [0x00000206b9ac42a0, 0x00000206b9ac4338]
Event: 6.240 Thread 0x00000206c4abc800 1398       4       sun.nio.cs.SingleByte$Decoder::decode (11 bytes)
Event: 6.241 Thread 0x00000206c4abc800 nmethod 1398 0x00000206b9ac4410 code [0x00000206b9ac45a0, 0x00000206b9ac4638]
Event: 6.241 Thread 0x00000206c4abd800 1399       1       java.util.LinkedList::size (5 bytes)
Event: 6.241 Thread 0x00000206c4abd800 nmethod 1399 0x00000206b9ac4710 code [0x00000206b9ac48c0, 0x00000206b9ac4978]
Event: 6.242 Thread 0x00000206c4abc800 1400       4       java.lang.AbstractStringBuilder::append (45 bytes)
Event: 6.245 Thread 0x00000206c4abd800 1402       3       org.gradle.internal.logging.text.AbstractLineChoppingStyledTextOutput$StateContext::hasChar (25 bytes)
Event: 6.245 Thread 0x00000206c4abd800 nmethod 1402 0x00000206b27bb390 code [0x00000206b27bb540, 0x00000206b27bb6d8]
Event: 6.245 Thread 0x00000206c4abd800 1403       3       org.gradle.internal.logging.text.AbstractLineChoppingStyledTextOutput$StateContext::setState (10 bytes)
Event: 6.245 Thread 0x00000206c4abd800 nmethod 1403 0x00000206b27bb790 code [0x00000206b27bb940, 0x00000206b27bbaf8]
Event: 6.245 Thread 0x00000206c4abd800 1406       3       org.gradle.internal.logging.text.AbstractLineChoppingStyledTextOutput$StateContext::isCurrentCharEquals (70 bytes)

GC Heap History (4 events):
Event: 0.667 GC heap before
{Heap before GC invocations=0 (full 0):
 garbage-first heap   total 65536K, used 27648K [0x00000000fc000000, 0x0000000100000000)
  region size 1024K, 24 young (24576K), 0 survivors (0K)
 Metaspace       used 10333K, capacity 10541K, committed 10624K, reserved 1058816K
  class space    used 1039K, capacity 1129K, committed 1152K, reserved 1048576K
}
Event: 0.674 GC heap after
{Heap after GC invocations=1 (full 0):
 garbage-first heap   total 65536K, used 10252K [0x00000000fc000000, 0x0000000100000000)
  region size 1024K, 3 young (3072K), 3 survivors (3072K)
 Metaspace       used 10333K, capacity 10541K, committed 10624K, reserved 1058816K
  class space    used 1039K, capacity 1129K, committed 1152K, reserved 1048576K
}
Event: 1.538 GC heap before
{Heap before GC invocations=1 (full 0):
 garbage-first heap   total 65536K, used 35852K [0x00000000fc000000, 0x0000000100000000)
  region size 1024K, 28 young (28672K), 3 survivors (3072K)
 Metaspace       used 16197K, capacity 16510K, committed 16768K, reserved 1064960K
  class space    used 1798K, capacity 1909K, committed 1920K, reserved 1048576K
}
Event: 1.543 GC heap after
{Heap after GC invocations=2 (full 0):
 garbage-first heap   total 65536K, used 12369K [0x00000000fc000000, 0x0000000100000000)
  region size 1024K, 3 young (3072K), 3 survivors (3072K)
 Metaspace       used 16197K, capacity 16510K, committed 16768K, reserved 1064960K
  class space    used 1798K, capacity 1909K, committed 1920K, reserved 1048576K
}

Deoptimization events (20 events):
Event: 1.481 Thread 0x00000206a7fe7000 DEOPT PACKING pc=0x00000206b25b54d1 sp=0x000000bb7adfc350
Event: 1.481 Thread 0x00000206a7fe7000 DEOPT UNPACKING pc=0x00000206b1faa95e sp=0x000000bb7adfb818 mode 0
Event: 1.482 Thread 0x00000206a7fe7000 DEOPT PACKING pc=0x00000206b25b54d1 sp=0x000000bb7adfc350
Event: 1.482 Thread 0x00000206a7fe7000 DEOPT UNPACKING pc=0x00000206b1faa95e sp=0x000000bb7adfb818 mode 0
Event: 1.482 Thread 0x00000206a7fe7000 DEOPT PACKING pc=0x00000206b25b54d1 sp=0x000000bb7adfc350
Event: 1.482 Thread 0x00000206a7fe7000 DEOPT UNPACKING pc=0x00000206b1faa95e sp=0x000000bb7adfb818 mode 0
Event: 1.484 Thread 0x00000206a7fe7000 DEOPT PACKING pc=0x00000206b25b54d1 sp=0x000000bb7adfc350
Event: 1.484 Thread 0x00000206a7fe7000 DEOPT UNPACKING pc=0x00000206b1faa95e sp=0x000000bb7adfb818 mode 0
Event: 1.584 Thread 0x00000206c5fb4000 Uncommon trap: trap_request=0xffffff4d fr.pc=0x00000206b9a6476c relative=0x00000000000000cc
Event: 1.584 Thread 0x00000206c5fb4000 Uncommon trap: reason=unstable_if action=reinterpret pc=0x00000206b9a6476c method=java.lang.String.getBytes([BIB)V @ 5 c2
Event: 1.584 Thread 0x00000206c5fb4000 DEOPT PACKING pc=0x00000206b9a6476c sp=0x000000bb7c3fe940
Event: 1.584 Thread 0x00000206c5fb4000 DEOPT UNPACKING pc=0x00000206b1faa1af sp=0x000000bb7c3fe8e8 mode 2
Event: 1.584 Thread 0x00000206c5fb4000 Uncommon trap: trap_request=0xffffff4d fr.pc=0x00000206b9a9edc0 relative=0x0000000000000380
Event: 1.584 Thread 0x00000206c5fb4000 Uncommon trap: reason=unstable_if action=reinterpret pc=0x00000206b9a9edc0 method=java.lang.AbstractStringBuilder.isLatin1()Z @ 10 c2
Event: 1.584 Thread 0x00000206c5fb4000 DEOPT PACKING pc=0x00000206b9a9edc0 sp=0x000000bb7c3fea00
Event: 1.584 Thread 0x00000206c5fb4000 DEOPT UNPACKING pc=0x00000206b1faa1af sp=0x000000bb7c3fe980 mode 2
Event: 3.646 Thread 0x00000206c5fb4000 Uncommon trap: trap_request=0xffffff4d fr.pc=0x00000206b9a4b01c relative=0x000000000000007c
Event: 3.646 Thread 0x00000206c5fb4000 Uncommon trap: reason=unstable_if action=reinterpret pc=0x00000206b9a4b01c method=java.lang.String.codePointAt(I)I @ 4 c2
Event: 3.646 Thread 0x00000206c5fb4000 DEOPT PACKING pc=0x00000206b9a4b01c sp=0x000000bb7c3fe980
Event: 3.646 Thread 0x00000206c5fb4000 DEOPT UNPACKING pc=0x00000206b1faa1af sp=0x000000bb7c3fe918 mode 2

Classes redefined (0 events):
No events

Internal exceptions (20 events):
Event: 0.162 Thread 0x00000206a7fe7000 Exception <a 'java/lang/NoSuchMethodError'{0x00000000ffc64eb8}: 'int java.lang.invoke.DirectMethodHandle$Holder.invokeStaticInit(java.lang.Object, java.lang.Object)'> (0x00000000ffc64eb8) thrown at [s\src\hotspot\share\interpreter\linkResolver.cpp, line 773]
Event: 0.192 Thread 0x00000206a7fe7000 Exception <a 'java/lang/NoSuchMethodError'{0x00000000ffb41348}: 'int java.lang.invoke.DirectMethodHandle$Holder.invokeSpecial(java.lang.Object, java.lang.Object, java.lang.Object, java.lang.Object)'> (0x00000000ffb41348) thrown at [s\src\hotspot\share\interpreter\linkResolver.cpp, line 773]
Event: 0.199 Thread 0x00000206a7fe7000 Exception <a 'java/lang/NoSuchMethodError'{0x00000000ffb79fd8}: 'int java.lang.invoke.DirectMethodHandle$Holder.invokeSpecialIFC(java.lang.Object, java.lang.Object, int)'> (0x00000000ffb79fd8) thrown at [s\src\hotspot\share\interpreter\linkResolver.cpp, line 773]
Event: 0.658 Thread 0x00000206a7fe7000 Exception <a 'java/lang/NoClassDefFoundError'{0x00000000fe88bb50}: org/slf4j/impl/StaticMarkerBinder> (0x00000000fe88bb50) thrown at [s\src\hotspot\share\classfile\systemDictionary.cpp, line 219]
Event: 0.687 Thread 0x00000206a7fe7000 Exception <a 'java/lang/NoSuchMethodError'{0x00000000fffcf340}: 'java.lang.Object java.lang.invoke.DirectMethodHandle$Holder.invokeVirtual(java.lang.Object, java.lang.Object, java.lang.Object, java.lang.Object, java.lang.Object, java.lang.Object, java.lang.Object)'> (0x00000000fffcf340) thrown at [s\src\hotspot\share\interpreter\linkResolver.cpp, line 773]
Event: 0.690 Thread 0x00000206a7fe7000 Exception <a 'java/lang/NoSuchMethodError'{0x00000000fffe3688}: 'java.lang.Object java.lang.invoke.Invokers$Holder.invoker(java.lang.Object, java.lang.Object, java.lang.Object)'> (0x00000000fffe3688) thrown at [s\src\hotspot\share\interpreter\linkResolver.cpp, line 773]
Event: 0.693 Thread 0x00000206a7fe7000 Exception <a 'java/lang/NoSuchMethodError'{0x00000000ffff4450}: 'void java.lang.invoke.DelegatingMethodHandle$Holder.delegate(java.lang.Object, java.lang.Object, int, java.lang.Object)'> (0x00000000ffff4450) thrown at [s\src\hotspot\share\interpreter\linkResolver.cpp, line 773]
Event: 0.833 Thread 0x00000206a7fe7000 Exception <a 'java/lang/NoSuchMethodError'{0x00000000ff5e2180}: 'java.lang.Object java.lang.invoke.DirectMethodHandle$Holder.invokeStaticInit(java.lang.Object, java.lang.Object, java.lang.Object)'> (0x00000000ff5e2180) thrown at [s\src\hotspot\share\interpreter\linkResolver.cpp, line 773]
Event: 0.912 Thread 0x00000206a7fe7000 Exception <a 'java/lang/NoSuchMethodError'{0x00000000fefbacb8}: 'java.lang.Object java.lang.invoke.DirectMethodHandle$Holder.invokeStaticInit(java.lang.Object, int, int, int, int)'> (0x00000000fefbacb8) thrown at [s\src\hotspot\share\interpreter\linkResolver.cpp, line 773]
Event: 1.084 Thread 0x00000206a7fe7000 Exception <a 'java/lang/NoSuchMethodError'{0x00000000fee10468}: 'java.lang.Object java.lang.invoke.DirectMethodHandle$Holder.invokeStaticInit(java.lang.Object, java.lang.Object, int, int, int, int)'> (0x00000000fee10468) thrown at [s\src\hotspot\share\interpreter\linkResolver.cpp, line 773]
Event: 1.354 Thread 0x00000206a7fe7000 Exception <a 'java/lang/NoSuchMethodError'{0x00000000feee81a0}: 'void java.lang.invoke.DirectMethodHandle$Holder.invokeSpecial(java.lang.Object, java.lang.Object)'> (0x00000000feee81a0) thrown at [s\src\hotspot\share\interpreter\linkResolver.cpp, line 773]
Event: 1.356 Thread 0x00000206a7fe7000 Implicit null exception at 0x00000206b9a636f4 to 0x00000206b9a63c00
Event: 1.356 Thread 0x00000206a7fe7000 Implicit null exception at 0x00000206b9a7a1f4 to 0x00000206b9a7a6e0
Event: 1.565 Thread 0x00000206c5fb4000 Exception <a 'java/lang/NoSuchMethodError'{0x00000000ffe0b6a8}: 'void java.lang.invoke.DirectMethodHandle$Holder.invokeStatic(java.lang.Object, long)'> (0x00000000ffe0b6a8) thrown at [s\src\hotspot\share\interpreter\linkResolver.cpp, line 773]
Event: 1.565 Thread 0x00000206c5fb4000 Exception <a 'java/lang/NoSuchMethodError'{0x00000000ffe10650}: 'java.lang.Object java.lang.invoke.DirectMethodHandle$Holder.invokeStatic(java.lang.Object, long)'> (0x00000000ffe10650) thrown at [s\src\hotspot\share\interpreter\linkResolver.cpp, line 773]
Event: 1.567 Thread 0x00000206c5fb4000 Exception <a 'java/lang/NoSuchMethodError'{0x00000000ffe1e790}: 'java.lang.Object java.lang.invoke.DirectMethodHandle$Holder.invokeStaticInit(java.lang.Object, java.lang.Object, long, java.lang.Object)'> (0x00000000ffe1e790) thrown at [s\src\hotspot\share\interpreter\linkResolver.cpp, line 773]
Event: 1.568 Thread 0x00000206c5fb4000 Exception <a 'java/lang/NoSuchMethodError'{0x00000000ffe24680}: 'java.lang.Object java.lang.invoke.DirectMethodHandle$Holder.invokeStatic(java.lang.Object, java.lang.Object, long)'> (0x00000000ffe24680) thrown at [s\src\hotspot\share\interpreter\linkResolver.cpp, line 773]
Event: 1.568 Thread 0x00000206c5fb4000 Exception <a 'java/lang/NoSuchMethodError'{0x00000000ffe2a950}: 'java.lang.Object java.lang.invoke.Invokers$Holder.linkToTargetMethod(java.lang.Object, long, java.lang.Object)'> (0x00000000ffe2a950) thrown at [s\src\hotspot\share\interpreter\linkResolver.cpp, line 773]
Event: 6.237 Thread 0x00000206a7fe7000 Exception <a 'java/io/IOException'{0x00000000ffd8b058}> (0x00000000ffd8b058) thrown at [s\src\hotspot\share\prims\jni.cpp, line 617]
Event: 6.243 Thread 0x00000206a7fe7000 Exception <a 'java/lang/NoSuchMethodError'{0x00000000ffdcd068}: 'int java.lang.invoke.DirectMethodHandle$Holder.invokeVirtual(java.lang.Object, java.lang.Object)'> (0x00000000ffdcd068) thrown at [s\src\hotspot\share\interpreter\linkResolver.cpp, line 773]

Events (20 events):
Event: 6.238 loading class com/google/common/base/Objects
Event: 6.238 loading class com/google/common/base/Objects done
Event: 6.238 loading class com/google/common/base/ExtraObjectsMethodsForWeb
Event: 6.238 loading class com/google/common/base/ExtraObjectsMethodsForWeb done
Event: 6.238 loading class org/slf4j/helpers/MessageFormatter
Event: 6.238 loading class org/slf4j/helpers/MessageFormatter done
Event: 6.239 loading class org/slf4j/helpers/FormattingTuple
Event: 6.239 loading class org/slf4j/helpers/FormattingTuple done
Event: 6.240 loading class org/gradle/util/internal/LimitedDescription
Event: 6.240 loading class org/gradle/util/internal/LimitedDescription done
Event: 6.241 loading class com/google/common/collect/Lists$ReverseList
Event: 6.241 loading class com/google/common/collect/Lists$ReverseList done
Event: 6.242 loading class com/google/common/collect/Lists$ReverseList$1
Event: 6.242 loading class com/google/common/collect/Lists$ReverseList$1 done
Event: 6.244 loading class org/gradle/internal/logging/ConsoleRenderer
Event: 6.244 loading class org/gradle/internal/logging/ConsoleRenderer done
Event: 6.245 loading class org/fusesource/jansi/Ansi$Color
Event: 6.245 loading class org/fusesource/jansi/Ansi$Color done
Event: 6.245 Executing VM operation: RevokeBias
Event: 6.245 Executing VM operation: RevokeBias done


Dynamic libraries:
0x00007ff69ae90000 - 0x00007ff69ae9d000 	C:\Program Files\Microsoft\jdk-11.0.20.8-hotspot\bin\java.exe
0x00007ffc30250000 - 0x00007ffc30464000 	C:\WINDOWS\SYSTEM32\ntdll.dll
0x00007ffc2e900000 - 0x00007ffc2e9c4000 	C:\WINDOWS\System32\KERNEL32.DLL
0x00007ffc2d810000 - 0x00007ffc2dbb4000 	C:\WINDOWS\System32\KERNELBASE.dll
0x00007ffc2dbf0000 - 0x00007ffc2dd01000 	C:\WINDOWS\System32\ucrtbase.dll
0x00007ffc25f60000 - 0x00007ffc25f77000 	C:\Program Files\Microsoft\jdk-11.0.20.8-hotspot\bin\jli.dll
0x00007ffc2e9d0000 - 0x00007ffc2eb7a000 	C:\WINDOWS\System32\USER32.dll
0x00007ffc2dbc0000 - 0x00007ffc2dbe6000 	C:\WINDOWS\System32\win32u.dll
0x00007ffc2e800000 - 0x00007ffc2e829000 	C:\WINDOWS\System32\GDI32.dll
0x00007ffc2dd10000 - 0x00007ffc2de29000 	C:\WINDOWS\System32\gdi32full.dll
0x00007ffc2df70000 - 0x00007ffc2e00a000 	C:\WINDOWS\System32\msvcp_win.dll
0x00007ffc250f0000 - 0x00007ffc25105000 	C:\Program Files\Microsoft\jdk-11.0.20.8-hotspot\bin\VCRUNTIME140.dll
0x00007ffc189b0000 - 0x00007ffc18c3f000 	C:\WINDOWS\WinSxS\amd64_microsoft.windows.common-controls_6595b64144ccf1df_6.0.22621.2070_none_2713e6537381f706\COMCTL32.dll
0x00007ffc2f970000 - 0x00007ffc2fa17000 	C:\WINDOWS\System32\msvcrt.dll
0x00007ffc2f710000 - 0x00007ffc2f741000 	C:\WINDOWS\System32\IMM32.DLL
0x00007ffbaa840000 - 0x00007ffbaa8db000 	C:\Program Files\Microsoft\jdk-11.0.20.8-hotspot\bin\msvcp140.dll
0x00007ffba9ca0000 - 0x00007ffbaa836000 	C:\Program Files\Microsoft\jdk-11.0.20.8-hotspot\bin\server\jvm.dll
0x00007ffc2fa20000 - 0x00007ffc2fad0000 	C:\WINDOWS\System32\ADVAPI32.dll
0x00007ffc2fc40000 - 0x00007ffc2fce6000 	C:\WINDOWS\System32\sechost.dll
0x00007ffc2f750000 - 0x00007ffc2f867000 	C:\WINDOWS\System32\RPCRT4.dll
0x00007ffc2fcf0000 - 0x00007ffc2fcf8000 	C:\WINDOWS\System32\PSAPI.DLL
0x00007ffc27170000 - 0x00007ffc2717a000 	C:\WINDOWS\SYSTEM32\VERSION.dll
0x00007ffc23bd0000 - 0x00007ffc23c04000 	C:\WINDOWS\SYSTEM32\WINMM.dll
0x00007ffc187c0000 - 0x00007ffc187c9000 	C:\WINDOWS\SYSTEM32\WSOCK32.dll
0x00007ffc30180000 - 0x00007ffc301f1000 	C:\WINDOWS\System32\WS2_32.dll
0x00007ffc2c5e0000 - 0x00007ffc2c5f8000 	C:\WINDOWS\SYSTEM32\kernel.appcore.dll
0x00007ffc187b0000 - 0x00007ffc187c0000 	C:\Program Files\Microsoft\jdk-11.0.20.8-hotspot\bin\verify.dll
0x00007ffc26130000 - 0x00007ffc2635e000 	C:\WINDOWS\SYSTEM32\DBGHELP.DLL
0x00007ffc2e010000 - 0x00007ffc2e39a000 	C:\WINDOWS\System32\combase.dll
0x00007ffc2ec80000 - 0x00007ffc2ed57000 	C:\WINDOWS\System32\OLEAUT32.dll
0x00007ffc25ec0000 - 0x00007ffc25ef2000 	C:\WINDOWS\SYSTEM32\dbgcore.DLL
0x00007ffc2de30000 - 0x00007ffc2deaa000 	C:\WINDOWS\System32\bcryptPrimitives.dll
0x00007ffc18780000 - 0x00007ffc187a8000 	C:\Program Files\Microsoft\jdk-11.0.20.8-hotspot\bin\java.dll
0x00007ffc18290000 - 0x00007ffc1829a000 	C:\Program Files\Microsoft\jdk-11.0.20.8-hotspot\bin\jimage.dll
0x00007ffbec440000 - 0x00007ffbec458000 	C:\Program Files\Microsoft\jdk-11.0.20.8-hotspot\bin\zip.dll
0x00007ffc2edb0000 - 0x00007ffc2f5c6000 	C:\WINDOWS\System32\SHELL32.dll
0x00007ffc2b5b0000 - 0x00007ffc2be9a000 	C:\WINDOWS\SYSTEM32\windows.storage.dll
0x00007ffc2b470000 - 0x00007ffc2b5ae000 	C:\WINDOWS\SYSTEM32\wintypes.dll
0x00007ffc2eb80000 - 0x00007ffc2ec73000 	C:\WINDOWS\System32\SHCORE.dll
0x00007ffc2fbc0000 - 0x00007ffc2fc1e000 	C:\WINDOWS\System32\shlwapi.dll
0x00007ffc2d560000 - 0x00007ffc2d586000 	C:\WINDOWS\SYSTEM32\profapi.dll
0x00007ffbe4e60000 - 0x00007ffbe4e79000 	C:\Program Files\Microsoft\jdk-11.0.20.8-hotspot\bin\net.dll
0x00007ffc284d0000 - 0x00007ffc28607000 	C:\WINDOWS\SYSTEM32\WINHTTP.dll
0x00007ffc2caa0000 - 0x00007ffc2cb09000 	C:\WINDOWS\system32\mswsock.dll
0x00007ffbe2ad0000 - 0x00007ffbe2ae3000 	C:\Program Files\Microsoft\jdk-11.0.20.8-hotspot\bin\nio.dll
0x00007ffbe2990000 - 0x00007ffbe29b7000 	C:\Users\msi laptop\.gradle\native\68d5fa5c4cc2d200863cafc0d521ce42e7d3e7ee720ec0a83991735586a16f82\windows-amd64\native-platform.dll
0x00007ffc27000000 - 0x00007ffc2700a000 	C:\Users\msi laptop\.gradle\native\jansi\1.18\windows64\jansi.dll
0x00007ffbfd1b0000 - 0x00007ffbfd1b9000 	C:\Program Files\Microsoft\jdk-11.0.20.8-hotspot\bin\management.dll
0x00007ffbfd0b0000 - 0x00007ffbfd0bb000 	C:\Program Files\Microsoft\jdk-11.0.20.8-hotspot\bin\management_ext.dll
0x00007ffc2ceb0000 - 0x00007ffc2cecb000 	C:\WINDOWS\SYSTEM32\CRYPTSP.dll
0x00007ffc2c5a0000 - 0x00007ffc2c5d5000 	C:\WINDOWS\system32\rsaenh.dll
0x00007ffc2cb40000 - 0x00007ffc2cb6c000 	C:\WINDOWS\SYSTEM32\USERENV.dll
0x00007ffc2cf60000 - 0x00007ffc2cf88000 	C:\WINDOWS\SYSTEM32\bcrypt.dll
0x00007ffc2cd10000 - 0x00007ffc2cd1c000 	C:\WINDOWS\SYSTEM32\CRYPTBASE.dll
0x00007ffc2c100000 - 0x00007ffc2c12d000 	C:\WINDOWS\SYSTEM32\IPHLPAPI.DLL
0x00007ffc2f5d0000 - 0x00007ffc2f5d9000 	C:\WINDOWS\System32\NSI.dll
0x00007ffc28460000 - 0x00007ffc28479000 	C:\WINDOWS\SYSTEM32\dhcpcsvc6.DLL
0x00007ffc28440000 - 0x00007ffc2845f000 	C:\WINDOWS\SYSTEM32\dhcpcsvc.DLL
0x00007ffc2c170000 - 0x00007ffc2c263000 	C:\WINDOWS\SYSTEM32\DNSAPI.dll

dbghelp: loaded successfully - version: 4.0.5 - missing functions: none
symbol engine: initialized successfully - sym options: 0x614 - pdb path: .;C:\Program Files\Microsoft\jdk-11.0.20.8-hotspot\bin;C:\WINDOWS\SYSTEM32;C:\WINDOWS\WinSxS\amd64_microsoft.windows.common-controls_6595b64144ccf1df_6.0.22621.2070_none_2713e6537381f706;C:\Program Files\Microsoft\jdk-11.0.20.8-hotspot\bin\server;C:\Users\msi laptop\.gradle\native\68d5fa5c4cc2d200863cafc0d521ce42e7d3e7ee720ec0a83991735586a16f82\windows-amd64;C:\Users\msi laptop\.gradle\native\jansi\1.18\windows64

VM Arguments:
jvm_args: -Xmx64m -Xms64m -Dorg.gradle.appname=gradlew 
java_command: org.gradle.wrapper.GradleWrapperMain clean
java_class_path (initial): c:\Users\msi laptop\Desktop\ReactNative\NoDhoka\android\\gradle\wrapper\gradle-wrapper.jar
Launcher Type: SUN_STANDARD

[Global flags]
     intx CICompilerCount                          = 4                                         {product} {ergonomic}
     uint ConcGCThreads                            = 3                                         {product} {ergonomic}
     uint G1ConcRefinementThreads                  = 10                                        {product} {ergonomic}
   size_t G1HeapRegionSize                         = 1048576                                   {product} {ergonomic}
    uintx GCDrainStackTargetSize                   = 64                                        {product} {ergonomic}
   size_t InitialHeapSize                          = 67108864                                  {product} {command line}
   size_t MarkStackSize                            = 4194304                                   {product} {ergonomic}
   size_t MaxHeapSize                              = 67108864                                  {product} {command line}
   size_t MaxNewSize                               = 39845888                                  {product} {ergonomic}
   size_t MinHeapDeltaBytes                        = 1048576                                   {product} {ergonomic}
    uintx NonNMethodCodeHeapSize                   = 5836300                                {pd product} {ergonomic}
    uintx NonProfiledCodeHeapSize                  = 122910970                              {pd product} {ergonomic}
    uintx ProfiledCodeHeapSize                     = 122910970                              {pd product} {ergonomic}
    uintx ReservedCodeCacheSize                    = 251658240                              {pd product} {ergonomic}
     bool SegmentedCodeCache                       = true                                      {product} {ergonomic}
     bool UseCompressedClassPointers               = true                                 {lp64_product} {ergonomic}
     bool UseCompressedOops                        = true                                 {lp64_product} {ergonomic}
     bool UseG1GC                                  = true                                      {product} {ergonomic}
     bool UseLargePagesIndividualAllocation        = false                                  {pd product} {ergonomic}

Logging:
Log output configuration:
 #0: stdout all=warning uptime,level,tags
 #1: stderr all=off uptime,level,tags

Environment Variables:
JAVA_HOME=C:\Program Files\Microsoft\jdk-11.0.20.8-hotspot\
CLASSPATH=c:\Users\msi laptop\Desktop\ReactNative\NoDhoka\android\\gradle\wrapper\gradle-wrapper.jar
PATH=C:\Program Files\Microsoft\jdk-11.0.20.8-hotspot\bin;C:\WINDOWS\system32;C:\WINDOWS;C:\WINDOWS\System32\Wbem;C:\WINDOWS\System32\WindowsPowerShell\v1.0\;C:\WINDOWS\System32\OpenSSH\;C:\Users\msi laptop\AppData\Roaming\nvm;C:\Program Files\nodejs;C:\Program Files\Docker\Docker\resources\bin;C:\Program Files\Git\cmd;C:\Program Files\MongoDB\Server\6.0\bin;C:\mongosh\mongosh-1.10.1-win32-x64\bin;C:\ProgramData\chocolatey\bin;C:\Program Files\nodejs\;C:\Users\msi laptop\AppData\Local\Microsoft\WindowsApps;C:\Users\msi laptop\AppData\Local\Programs\Microsoft VS Code\bin;C:\Users\msi laptop\AppData\Roaming\npm;C:\Users\msi laptop\AppData\Local\Android\Sdk\platform-tools
USERNAME=msi laptop
OS=Windows_NT
PROCESSOR_IDENTIFIER=Intel64 Family 6 Model 151 Stepping 2, GenuineIntel
TMP=C:\Users\MSILAP~1\AppData\Local\Temp
TEMP=C:\Users\MSILAP~1\AppData\Local\Temp



---------------  S Y S T E M  ---------------

OS: Windows 11 , 64 bit Build 22621 (10.0.22621.2070)
OS uptime: 0 days 2:46 hours
Hyper-V role detected

CPU:total 12 (initial active 12) (6 cores per cpu, 2 threads per core) family 6 model 151 stepping 2 microcode 0x18, cmov, cx8, fxsr, mmx, sse, sse2, sse3, ssse3, sse4.1, sse4.2, popcnt, avx, avx2, aes, clmul, erms, 3dnowpref, lzcnt, ht, tsc, tscinvbit, bmi1, bmi2, adx, sha, fma

Memory: 4k page, system-wide physical 16197M (935M free)
TotalPageFile size 19058M (AvailPageFile size 374M)
current process WorkingSet (physical memory assigned to process): 97M, peak: 107M
current process commit charge ("private bytes"): 167M, peak: 177M

vm_info: OpenJDK 64-Bit Server VM (11.0.20+8-LTS) for windows-amd64 JRE (11.0.20+8-LTS), built on Jul  7 2023 17:05:21 by "MicrosoftCorporation" with MS VC++ 15.9 (VS2017)

END.
