#
# There is insufficient memory for the Java Runtime Environment to continue.
# Native memory allocation (malloc) failed to allocate 1013616 bytes for Chunk::new
# Possible reasons:
#   The system is out of physical RAM or swap space
#   The process is running with CompressedOops enabled, and the Java Heap may be blocking the growth of the native heap
# Possible solutions:
#   Reduce memory load on the system
#   Increase physical memory or swap space
#   Check if swap backing store is full
#   Decrease Java heap size (-Xmx/-Xms)
#   Decrease number of Java threads
#   Decrease Java thread stack sizes (-Xss)
#   Set larger code cache with -XX:ReservedCodeCacheSize=
#   JVM is running with Unscaled Compressed Oops mode in which the Java heap is
#     placed in the first 4GB address space. The Java Heap base address is the
#     maximum limit for the native heap growth. Please use -XX:HeapBaseMinAddress
#     to set the Java Heap base and to place the Java Heap above 4GB virtual address.
# This output file may be truncated or incomplete.
#
#  Out of Memory Error (arena.cpp:197), pid=3352, tid=12920
#
# JRE version: OpenJDK Runtime Environment Microsoft-8035250 (11.0.20+8) (build 11.0.20+8-LTS)
# Java VM: OpenJDK 64-Bit Server VM Microsoft-8035250 (11.0.20+8-LTS, mixed mode, tiered, compressed oops, g1 gc, windows-amd64)
# No core dump will be written. Minidumps are not enabled by default on client versions of Windows
#

---------------  S U M M A R Y ------------

Command Line: -XX:MaxMetaspaceSize=512m --add-opens=java.base/java.util=ALL-UNNAMED --add-opens=java.base/java.lang=ALL-UNNAMED --add-opens=java.base/java.lang.invoke=ALL-UNNAMED --add-opens=java.prefs/java.util.prefs=ALL-UNNAMED --add-opens=java.base/java.nio.charset=ALL-UNNAMED --add-opens=java.base/java.net=ALL-UNNAMED --add-opens=java.base/java.util.concurrent.atomic=ALL-UNNAMED -Xmx2048m -Dfile.encoding=windows-1252 -Duser.country=US -Duser.language=en -Duser.variant org.gradle.launcher.daemon.bootstrap.GradleDaemon 8.0.1

Host: 12th Gen Intel(R) Core(TM) i5-12400F, 12 cores, 15G,  Windows 11 , 64 bit Build 22621 (10.0.22621.2070)
Time: Wed Aug  9 17:01:12 2023 India Standard Time elapsed time: 4.589280 seconds (0d 0h 0m 4s)

---------------  T H R E A D  ---------------

Current thread (0x00000208f61e8800):  JavaThread "C2 CompilerThread1" daemon [_thread_in_native, id=12920, stack(0x000000e2c0e00000,0x000000e2c0f00000)]


Current CompileTask:
C2:   4589 3296       4       java.lang.String::split (324 bytes)

Stack: [0x000000e2c0e00000,0x000000e2c0f00000]
Native frames: (J=compiled Java code, j=interpreted, Vv=VM code, C=native code)
V  [jvm.dll+0x62e9da]
V  [jvm.dll+0x7bc4e9]
V  [jvm.dll+0x7bdbd8]
V  [jvm.dll+0x7be2b3]
V  [jvm.dll+0x2505a8]
V  [jvm.dll+0xc263c]
V  [jvm.dll+0xc2bfc]
V  [jvm.dll+0x35fdc7]
V  [jvm.dll+0x19f201]
V  [jvm.dll+0x2098c5]
V  [jvm.dll+0x20893d]
V  [jvm.dll+0x18a7de]
V  [jvm.dll+0x2181ec]
V  [jvm.dll+0x21642b]
V  [jvm.dll+0x77efc0]
V  [jvm.dll+0x777db4]
V  [jvm.dll+0x62d845]
C  [ucrtbase.dll+0x29363]
C  [KERNEL32.DLL+0x126ad]
C  [ntdll.dll+0x5aa68]


---------------  P R O C E S S  ---------------

Threads class SMR info:
_java_thread_list=0x00000208f8faf3c0, length=35, elements={
0x00000208d20fe800, 0x00000208f3e76000, 0x00000208f3e7f800, 0x00000208f3ed5800,
0x00000208f3ed7000, 0x00000208f3ed8000, 0x00000208f3ede000, 0x00000208f3ee1000,
0x00000208f3ee4000, 0x00000208f404f000, 0x00000208f559b800, 0x00000208f43a3800,
0x00000208f7031800, 0x00000208f53c1000, 0x00000208f4ce6800, 0x00000208f78f6000,
0x00000208f54c4800, 0x00000208f5383800, 0x00000208f5a96800, 0x00000208f63af000,
0x00000208f63ab800, 0x00000208f63ad800, 0x00000208f63a9000, 0x00000208f61e8800,
0x00000208f63aa000, 0x00000208f63ac800, 0x00000208f63ae000, 0x00000208f63ab000,
0x00000208f63af800, 0x00000208f63c1800, 0x00000208f63c3000, 0x00000208f63c2000,
0x00000208f7dc9800, 0x00000208f63c4800, 0x00000208f63c4000
}

Java Threads: ( => current thread )
  0x00000208d20fe800 JavaThread "main" [_thread_blocked, id=18524, stack(0x000000e2be500000,0x000000e2be600000)]
  0x00000208f3e76000 JavaThread "Reference Handler" daemon [_thread_blocked, id=6412, stack(0x000000e2bec00000,0x000000e2bed00000)]
  0x00000208f3e7f800 JavaThread "Finalizer" daemon [_thread_blocked, id=15700, stack(0x000000e2bed00000,0x000000e2bee00000)]
  0x00000208f3ed5800 JavaThread "Signal Dispatcher" daemon [_thread_blocked, id=17540, stack(0x000000e2bee00000,0x000000e2bef00000)]
  0x00000208f3ed7000 JavaThread "Attach Listener" daemon [_thread_blocked, id=8472, stack(0x000000e2bef00000,0x000000e2bf000000)]
  0x00000208f3ed8000 JavaThread "Service Thread" daemon [_thread_blocked, id=6420, stack(0x000000e2bf000000,0x000000e2bf100000)]
  0x00000208f3ede000 JavaThread "C2 CompilerThread0" daemon [_thread_blocked, id=18984, stack(0x000000e2bf100000,0x000000e2bf200000)]
  0x00000208f3ee1000 JavaThread "C1 CompilerThread0" daemon [_thread_in_native, id=17936, stack(0x000000e2bf200000,0x000000e2bf300000)]
  0x00000208f3ee4000 JavaThread "Sweeper thread" daemon [_thread_blocked, id=17200, stack(0x000000e2bf300000,0x000000e2bf400000)]
  0x00000208f404f000 JavaThread "Common-Cleaner" daemon [_thread_blocked, id=2964, stack(0x000000e2bf400000,0x000000e2bf500000)]
  0x00000208f559b800 JavaThread "Daemon health stats" [_thread_blocked, id=9052, stack(0x000000e2bfc00000,0x000000e2bfd00000)]
  0x00000208f43a3800 JavaThread "Incoming local TCP Connector on port 54608" [_thread_in_native, id=3216, stack(0x000000e2bf600000,0x000000e2bf700000)]
  0x00000208f7031800 JavaThread "Daemon periodic checks" [_thread_blocked, id=2492, stack(0x000000e2bfd00000,0x000000e2bfe00000)]
  0x00000208f53c1000 JavaThread "Daemon" [_thread_blocked, id=18268, stack(0x000000e2bfe00000,0x000000e2bff00000)]
  0x00000208f4ce6800 JavaThread "Handler for socket connection from /127.0.0.1:54608 to /127.0.0.1:54609" [_thread_in_native, id=18684, stack(0x000000e2bff00000,0x000000e2c0000000)]
  0x00000208f78f6000 JavaThread "Cancel handler" [_thread_blocked, id=17676, stack(0x000000e2c0000000,0x000000e2c0100000)]
  0x00000208f54c4800 JavaThread "Daemon worker" [_thread_in_vm, id=12776, stack(0x000000e2c0100000,0x000000e2c0200000)]
  0x00000208f5383800 JavaThread "Asynchronous log dispatcher for DefaultDaemonConnection: socket connection from /127.0.0.1:54608 to /127.0.0.1:54609" [_thread_blocked, id=19044, stack(0x000000e2c0200000,0x000000e2c0300000)]
  0x00000208f5a96800 JavaThread "Stdin handler" [_thread_blocked, id=13140, stack(0x000000e2c0300000,0x000000e2c0400000)]
  0x00000208f63af000 JavaThread "Daemon client event forwarder" [_thread_blocked, id=9252, stack(0x000000e2c0400000,0x000000e2c0500000)]
  0x00000208f63ab800 JavaThread "Cache worker for journal cache (C:\Users\msi laptop\.gradle\caches\journal-1)" [_thread_blocked, id=14472, stack(0x000000e2c0b00000,0x000000e2c0c00000)]
  0x00000208f63ad800 JavaThread "File lock request listener" [_thread_in_native, id=19036, stack(0x000000e2c0c00000,0x000000e2c0d00000)]
  0x00000208f63a9000 JavaThread "Cache worker for file hash cache (C:\Users\msi laptop\.gradle\caches\8.0.1\fileHashes)" [_thread_blocked, id=15636, stack(0x000000e2c0d00000,0x000000e2c0e00000)]
=>0x00000208f61e8800 JavaThread "C2 CompilerThread1" daemon [_thread_in_native, id=12920, stack(0x000000e2c0e00000,0x000000e2c0f00000)]
  0x00000208f63aa000 JavaThread "File watcher server" daemon [_thread_in_native, id=8372, stack(0x000000e2c1000000,0x000000e2c1100000)]
  0x00000208f63ac800 JavaThread "File watcher consumer" daemon [_thread_blocked, id=9236, stack(0x000000e2c1100000,0x000000e2c1200000)]
  0x00000208f63ae000 JavaThread "Cache worker for checksums cache (C:\Users\msi laptop\Desktop\ReactNative\NoDhoka\android\.gradle\8.0.1\checksums)" [_thread_blocked, id=8168, stack(0x000000e2c1200000,0x000000e2c1300000)]
  0x00000208f63ab000 JavaThread "Cache worker for cache directory md-rule (C:\Users\msi laptop\.gradle\caches\8.0.1\md-rule)" [_thread_blocked, id=7736, stack(0x000000e2c1300000,0x000000e2c1400000)]
  0x00000208f63af800 JavaThread "Cache worker for file content cache (C:\Users\msi laptop\.gradle\caches\8.0.1\fileContent)" [_thread_blocked, id=13520, stack(0x000000e2c1400000,0x000000e2c1500000)]
  0x00000208f63c1800 JavaThread "Cache worker for file hash cache (C:\Users\msi laptop\Desktop\ReactNative\NoDhoka\android\.gradle\8.0.1\fileHashes)" [_thread_blocked, id=10956, stack(0x000000e2c1500000,0x000000e2c1600000)]
  0x00000208f63c3000 JavaThread "Cache worker for cache directory md-supplier (C:\Users\msi laptop\.gradle\caches\8.0.1\md-supplier)" [_thread_blocked, id=17312, stack(0x000000e2c0f00000,0x000000e2c1000000)]
  0x00000208f63c2000 JavaThread "Cache worker for execution history cache (C:\Users\msi laptop\.gradle\caches\8.0.1\executionHistory)" [_thread_blocked, id=5936, stack(0x000000e2c1600000,0x000000e2c1700000)]
  0x00000208f7dc9800 JavaThread "C2 CompilerThread2" daemon [_thread_in_native, id=1056, stack(0x000000e2c1700000,0x000000e2c1800000)]
  0x00000208f63c4800 JavaThread "jar transforms" [_thread_blocked, id=16592, stack(0x000000e2c1800000,0x000000e2c1900000)]
  0x00000208f63c4000 JavaThread "jar transforms Thread 2" [_thread_blocked, id=15296, stack(0x000000e2c1900000,0x000000e2c1a00000)]

Other Threads:
  0x00000208f3e72800 VMThread "VM Thread" [stack: 0x000000e2beb00000,0x000000e2bec00000] [id=17372]
  0x00000208f4061800 WatcherThread [stack: 0x000000e2bf500000,0x000000e2bf600000] [id=12280]
  0x00000208d1e7e000 GCTaskThread "GC Thread#0" [stack: 0x000000e2be600000,0x000000e2be700000] [id=15568]
  0x00000208f5196000 GCTaskThread "GC Thread#1" [stack: 0x000000e2bf700000,0x000000e2bf800000] [id=15172]
  0x00000208f4cfa800 GCTaskThread "GC Thread#2" [stack: 0x000000e2bf800000,0x000000e2bf900000] [id=9404]
  0x00000208f4df9800 GCTaskThread "GC Thread#3" [stack: 0x000000e2bf900000,0x000000e2bfa00000] [id=10576]
  0x00000208f4d5a000 GCTaskThread "GC Thread#4" [stack: 0x000000e2bfa00000,0x000000e2bfb00000] [id=4580]
  0x00000208f4ac2800 GCTaskThread "GC Thread#5" [stack: 0x000000e2bfb00000,0x000000e2bfc00000] [id=16296]
  0x00000208f60ec000 GCTaskThread "GC Thread#6" [stack: 0x000000e2c0500000,0x000000e2c0600000] [id=16792]
  0x00000208f4f6d800 GCTaskThread "GC Thread#7" [stack: 0x000000e2c0600000,0x000000e2c0700000] [id=11548]
  0x00000208f5743800 GCTaskThread "GC Thread#8" [stack: 0x000000e2c0700000,0x000000e2c0800000] [id=13000]
  0x00000208f64ea800 GCTaskThread "GC Thread#9" [stack: 0x000000e2c0800000,0x000000e2c0900000] [id=6908]
  0x00000208d2144000 ConcurrentGCThread "G1 Main Marker" [stack: 0x000000e2be700000,0x000000e2be800000] [id=15556]
  0x00000208d2146800 ConcurrentGCThread "G1 Conc#0" [stack: 0x000000e2be800000,0x000000e2be900000] [id=2348]
  0x00000208f4c29000 ConcurrentGCThread "G1 Conc#1" [stack: 0x000000e2c0900000,0x000000e2c0a00000] [id=14148]
  0x00000208f5f99800 ConcurrentGCThread "G1 Conc#2" [stack: 0x000000e2c0a00000,0x000000e2c0b00000] [id=17600]
  0x00000208f34df000 ConcurrentGCThread "G1 Refine#0" [stack: 0x000000e2be900000,0x000000e2bea00000] [id=13908]
  0x00000208f34e2000 ConcurrentGCThread "G1 Young RemSet Sampling" [stack: 0x000000e2bea00000,0x000000e2beb00000] [id=12880]

Threads with active compile tasks:
C2 CompilerThread0     4603 3433       4       java.lang.PublicMethods$MethodList::filter (104 bytes)
C1 CompilerThread0     4604 3436       3       java.lang.Class::methodToString (98 bytes)
C2 CompilerThread1     4604 3296       4       java.lang.String::split (324 bytes)
C2 CompilerThread2     4604 3434       4       java.lang.Class::reflectionData (43 bytes)

VM state:not at safepoint (normal execution)

VM Mutex/Monitor currently owned by a thread: None

Heap address: 0x0000000080000000, size: 2048 MB, Compressed Oops mode: 32-bit
Narrow klass base: 0x0000000000000000, Narrow klass shift: 3
Compressed class space size: 528482304 Address: 0x0000000100000000

Heap:
 garbage-first heap   total 260096K, used 59385K [0x0000000080000000, 0x0000000100000000)
  region size 1024K, 43 young (44032K), 6 survivors (6144K)
 Metaspace       used 39308K, capacity 40280K, committed 40656K, reserved 557056K
  class space    used 5004K, capacity 5383K, committed 5504K, reserved 516096K
Heap Regions: E=young(eden), S=young(survivor), O=old, HS=humongous(starts), HC=humongous(continues), CS=collection set, F=free, A=archive, TAMS=top-at-mark-start (previous, next)
|   0|0x0000000080000000, 0x0000000080100000, 0x0000000080100000|100%|HS|  |TAMS 0x0000000080100000, 0x0000000080000000| Complete 
|   1|0x0000000080100000, 0x0000000080200000, 0x0000000080200000|100%|HC|  |TAMS 0x0000000080200000, 0x0000000080100000| Complete 
|   2|0x0000000080200000, 0x0000000080300000, 0x0000000080300000|100%|HC|  |TAMS 0x0000000080300000, 0x0000000080200000| Complete 
|   3|0x0000000080300000, 0x0000000080400000, 0x0000000080400000|100%|HC|  |TAMS 0x0000000080400000, 0x0000000080300000| Complete 
|   4|0x0000000080400000, 0x0000000080500000, 0x0000000080500000|100%| O|  |TAMS 0x0000000080500000, 0x0000000080400000| Untracked 
|   5|0x0000000080500000, 0x0000000080600000, 0x0000000080600000|100%| O|  |TAMS 0x0000000080600000, 0x0000000080500000| Untracked 
|   6|0x0000000080600000, 0x0000000080700000, 0x0000000080700000|100%| O|  |TAMS 0x0000000080700000, 0x0000000080600000| Untracked 
|   7|0x0000000080700000, 0x0000000080800000, 0x0000000080800000|100%| O|  |TAMS 0x0000000080800000, 0x0000000080700000| Untracked 
|   8|0x0000000080800000, 0x0000000080900000, 0x0000000080900000|100%| O|  |TAMS 0x0000000080900000, 0x0000000080800000| Untracked 
|   9|0x0000000080900000, 0x0000000080a00000, 0x0000000080a00000|100%| O|  |TAMS 0x0000000080a00000, 0x0000000080900000| Untracked 
|  10|0x0000000080a00000, 0x0000000080b00000, 0x0000000080b00000|100%| O|  |TAMS 0x0000000080b00000, 0x0000000080a00000| Untracked 
|  11|0x0000000080b00000, 0x0000000080c00000, 0x0000000080c00000|100%| O|  |TAMS 0x0000000080c00000, 0x0000000080b00000| Untracked 
|  12|0x0000000080c00000, 0x0000000080d00000, 0x0000000080d00000|100%| O|  |TAMS 0x0000000080d00000, 0x0000000080c00000| Untracked 
|  13|0x0000000080d00000, 0x0000000080e00000, 0x0000000080e00000|100%| O|  |TAMS 0x0000000080e00000, 0x0000000080d00000| Untracked 
|  14|0x0000000080e00000, 0x0000000080f00000, 0x0000000080f00000|100%| O|  |TAMS 0x0000000080f00000, 0x0000000080e00000| Untracked 
|  15|0x0000000080f00000, 0x0000000081000000, 0x0000000081000000|100%| O|  |TAMS 0x0000000081000000, 0x0000000080f00000| Untracked 
|  16|0x0000000081000000, 0x0000000081100000, 0x0000000081100000|100%| O|  |TAMS 0x0000000081100000, 0x0000000081000000| Untracked 
|  17|0x0000000081100000, 0x000000008113f800, 0x0000000081200000| 24%| O|  |TAMS 0x000000008113f800, 0x0000000081100000| Untracked 
|  18|0x0000000081200000, 0x0000000081200000, 0x0000000081300000|  0%| F|  |TAMS 0x0000000081200000, 0x0000000081200000| Untracked 
|  19|0x0000000081300000, 0x0000000081300000, 0x0000000081400000|  0%| F|  |TAMS 0x0000000081300000, 0x0000000081300000| Untracked 
|  20|0x0000000081400000, 0x0000000081400000, 0x0000000081500000|  0%| F|  |TAMS 0x0000000081400000, 0x0000000081400000| Untracked 
|  21|0x0000000081500000, 0x0000000081500000, 0x0000000081600000|  0%| F|  |TAMS 0x0000000081500000, 0x0000000081500000| Untracked 
|  22|0x0000000081600000, 0x0000000081600000, 0x0000000081700000|  0%| F|  |TAMS 0x0000000081600000, 0x0000000081600000| Untracked 
|  23|0x0000000081700000, 0x0000000081700000, 0x0000000081800000|  0%| F|  |TAMS 0x0000000081700000, 0x0000000081700000| Untracked 
|  24|0x0000000081800000, 0x0000000081800000, 0x0000000081900000|  0%| F|  |TAMS 0x0000000081800000, 0x0000000081800000| Untracked 
|  25|0x0000000081900000, 0x0000000081900000, 0x0000000081a00000|  0%| F|  |TAMS 0x0000000081900000, 0x0000000081900000| Untracked 
|  26|0x0000000081a00000, 0x0000000081a00000, 0x0000000081b00000|  0%| F|  |TAMS 0x0000000081a00000, 0x0000000081a00000| Untracked 
|  27|0x0000000081b00000, 0x0000000081b00000, 0x0000000081c00000|  0%| F|  |TAMS 0x0000000081b00000, 0x0000000081b00000| Untracked 
|  28|0x0000000081c00000, 0x0000000081c00000, 0x0000000081d00000|  0%| F|  |TAMS 0x0000000081c00000, 0x0000000081c00000| Untracked 
|  29|0x0000000081d00000, 0x0000000081d00000, 0x0000000081e00000|  0%| F|  |TAMS 0x0000000081d00000, 0x0000000081d00000| Untracked 
|  30|0x0000000081e00000, 0x0000000081e00000, 0x0000000081f00000|  0%| F|  |TAMS 0x0000000081e00000, 0x0000000081e00000| Untracked 
|  31|0x0000000081f00000, 0x0000000081f00000, 0x0000000082000000|  0%| F|  |TAMS 0x0000000081f00000, 0x0000000081f00000| Untracked 
|  32|0x0000000082000000, 0x0000000082000000, 0x0000000082100000|  0%| F|  |TAMS 0x0000000082000000, 0x0000000082000000| Untracked 
|  33|0x0000000082100000, 0x0000000082100000, 0x0000000082200000|  0%| F|  |TAMS 0x0000000082100000, 0x0000000082100000| Untracked 
|  34|0x0000000082200000, 0x0000000082200000, 0x0000000082300000|  0%| F|  |TAMS 0x0000000082200000, 0x0000000082200000| Untracked 
|  35|0x0000000082300000, 0x0000000082300000, 0x0000000082400000|  0%| F|  |TAMS 0x0000000082300000, 0x0000000082300000| Untracked 
|  36|0x0000000082400000, 0x0000000082400000, 0x0000000082500000|  0%| F|  |TAMS 0x0000000082400000, 0x0000000082400000| Untracked 
|  37|0x0000000082500000, 0x0000000082500000, 0x0000000082600000|  0%| F|  |TAMS 0x0000000082500000, 0x0000000082500000| Untracked 
|  38|0x0000000082600000, 0x0000000082600000, 0x0000000082700000|  0%| F|  |TAMS 0x0000000082600000, 0x0000000082600000| Untracked 
|  39|0x0000000082700000, 0x0000000082700000, 0x0000000082800000|  0%| F|  |TAMS 0x0000000082700000, 0x0000000082700000| Untracked 
|  40|0x0000000082800000, 0x0000000082800000, 0x0000000082900000|  0%| F|  |TAMS 0x0000000082800000, 0x0000000082800000| Untracked 
|  41|0x0000000082900000, 0x0000000082900000, 0x0000000082a00000|  0%| F|  |TAMS 0x0000000082900000, 0x0000000082900000| Untracked 
|  42|0x0000000082a00000, 0x0000000082a00000, 0x0000000082b00000|  0%| F|  |TAMS 0x0000000082a00000, 0x0000000082a00000| Untracked 
|  43|0x0000000082b00000, 0x0000000082b00000, 0x0000000082c00000|  0%| F|  |TAMS 0x0000000082b00000, 0x0000000082b00000| Untracked 
|  44|0x0000000082c00000, 0x0000000082c00000, 0x0000000082d00000|  0%| F|  |TAMS 0x0000000082c00000, 0x0000000082c00000| Untracked 
|  45|0x0000000082d00000, 0x0000000082d00000, 0x0000000082e00000|  0%| F|  |TAMS 0x0000000082d00000, 0x0000000082d00000| Untracked 
|  46|0x0000000082e00000, 0x0000000082e00000, 0x0000000082f00000|  0%| F|  |TAMS 0x0000000082e00000, 0x0000000082e00000| Untracked 
|  47|0x0000000082f00000, 0x0000000082f00000, 0x0000000083000000|  0%| F|  |TAMS 0x0000000082f00000, 0x0000000082f00000| Untracked 
|  48|0x0000000083000000, 0x0000000083000000, 0x0000000083100000|  0%| F|  |TAMS 0x0000000083000000, 0x0000000083000000| Untracked 
|  49|0x0000000083100000, 0x0000000083100000, 0x0000000083200000|  0%| F|  |TAMS 0x0000000083100000, 0x0000000083100000| Untracked 
|  50|0x0000000083200000, 0x0000000083200000, 0x0000000083300000|  0%| F|  |TAMS 0x0000000083200000, 0x0000000083200000| Untracked 
|  51|0x0000000083300000, 0x0000000083300000, 0x0000000083400000|  0%| F|  |TAMS 0x0000000083300000, 0x0000000083300000| Untracked 
|  52|0x0000000083400000, 0x0000000083400000, 0x0000000083500000|  0%| F|  |TAMS 0x0000000083400000, 0x0000000083400000| Untracked 
|  53|0x0000000083500000, 0x0000000083500000, 0x0000000083600000|  0%| F|  |TAMS 0x0000000083500000, 0x0000000083500000| Untracked 
|  54|0x0000000083600000, 0x0000000083600000, 0x0000000083700000|  0%| F|  |TAMS 0x0000000083600000, 0x0000000083600000| Untracked 
|  55|0x0000000083700000, 0x0000000083700000, 0x0000000083800000|  0%| F|  |TAMS 0x0000000083700000, 0x0000000083700000| Untracked 
|  56|0x0000000083800000, 0x0000000083800000, 0x0000000083900000|  0%| F|  |TAMS 0x0000000083800000, 0x0000000083800000| Untracked 
|  57|0x0000000083900000, 0x0000000083900000, 0x0000000083a00000|  0%| F|  |TAMS 0x0000000083900000, 0x0000000083900000| Untracked 
|  58|0x0000000083a00000, 0x0000000083a00000, 0x0000000083b00000|  0%| F|  |TAMS 0x0000000083a00000, 0x0000000083a00000| Untracked 
|  59|0x0000000083b00000, 0x0000000083b00000, 0x0000000083c00000|  0%| F|  |TAMS 0x0000000083b00000, 0x0000000083b00000| Untracked 
|  60|0x0000000083c00000, 0x0000000083c00000, 0x0000000083d00000|  0%| F|  |TAMS 0x0000000083c00000, 0x0000000083c00000| Untracked 
|  61|0x0000000083d00000, 0x0000000083d00000, 0x0000000083e00000|  0%| F|  |TAMS 0x0000000083d00000, 0x0000000083d00000| Untracked 
|  62|0x0000000083e00000, 0x0000000083e00000, 0x0000000083f00000|  0%| F|  |TAMS 0x0000000083e00000, 0x0000000083e00000| Untracked 
|  63|0x0000000083f00000, 0x0000000083f00000, 0x0000000084000000|  0%| F|  |TAMS 0x0000000083f00000, 0x0000000083f00000| Untracked 
|  64|0x0000000084000000, 0x0000000084000000, 0x0000000084100000|  0%| F|  |TAMS 0x0000000084000000, 0x0000000084000000| Untracked 
|  65|0x0000000084100000, 0x0000000084100000, 0x0000000084200000|  0%| F|  |TAMS 0x0000000084100000, 0x0000000084100000| Untracked 
|  66|0x0000000084200000, 0x0000000084200000, 0x0000000084300000|  0%| F|  |TAMS 0x0000000084200000, 0x0000000084200000| Untracked 
|  67|0x0000000084300000, 0x0000000084300000, 0x0000000084400000|  0%| F|  |TAMS 0x0000000084300000, 0x0000000084300000| Untracked 
|  68|0x0000000084400000, 0x0000000084400000, 0x0000000084500000|  0%| F|  |TAMS 0x0000000084400000, 0x0000000084400000| Untracked 
|  69|0x0000000084500000, 0x0000000084500000, 0x0000000084600000|  0%| F|  |TAMS 0x0000000084500000, 0x0000000084500000| Untracked 
|  70|0x0000000084600000, 0x0000000084600000, 0x0000000084700000|  0%| F|  |TAMS 0x0000000084600000, 0x0000000084600000| Untracked 
|  71|0x0000000084700000, 0x0000000084700000, 0x0000000084800000|  0%| F|  |TAMS 0x0000000084700000, 0x0000000084700000| Untracked 
|  72|0x0000000084800000, 0x0000000084800000, 0x0000000084900000|  0%| F|  |TAMS 0x0000000084800000, 0x0000000084800000| Untracked 
|  73|0x0000000084900000, 0x0000000084900000, 0x0000000084a00000|  0%| F|  |TAMS 0x0000000084900000, 0x0000000084900000| Untracked 
|  74|0x0000000084a00000, 0x0000000084a00000, 0x0000000084b00000|  0%| F|  |TAMS 0x0000000084a00000, 0x0000000084a00000| Untracked 
|  75|0x0000000084b00000, 0x0000000084b00000, 0x0000000084c00000|  0%| F|  |TAMS 0x0000000084b00000, 0x0000000084b00000| Untracked 
|  76|0x0000000084c00000, 0x0000000084c00000, 0x0000000084d00000|  0%| F|  |TAMS 0x0000000084c00000, 0x0000000084c00000| Untracked 
|  77|0x0000000084d00000, 0x0000000084d00000, 0x0000000084e00000|  0%| F|  |TAMS 0x0000000084d00000, 0x0000000084d00000| Untracked 
|  78|0x0000000084e00000, 0x0000000084e00000, 0x0000000084f00000|  0%| F|  |TAMS 0x0000000084e00000, 0x0000000084e00000| Untracked 
|  79|0x0000000084f00000, 0x0000000084f00000, 0x0000000085000000|  0%| F|  |TAMS 0x0000000084f00000, 0x0000000084f00000| Untracked 
|  80|0x0000000085000000, 0x0000000085000000, 0x0000000085100000|  0%| F|  |TAMS 0x0000000085000000, 0x0000000085000000| Untracked 
|  81|0x0000000085100000, 0x0000000085100000, 0x0000000085200000|  0%| F|  |TAMS 0x0000000085100000, 0x0000000085100000| Untracked 
|  82|0x0000000085200000, 0x0000000085200000, 0x0000000085300000|  0%| F|  |TAMS 0x0000000085200000, 0x0000000085200000| Untracked 
|  83|0x0000000085300000, 0x0000000085300000, 0x0000000085400000|  0%| F|  |TAMS 0x0000000085300000, 0x0000000085300000| Untracked 
|  84|0x0000000085400000, 0x0000000085400000, 0x0000000085500000|  0%| F|  |TAMS 0x0000000085400000, 0x0000000085400000| Untracked 
|  85|0x0000000085500000, 0x0000000085500000, 0x0000000085600000|  0%| F|  |TAMS 0x0000000085500000, 0x0000000085500000| Untracked 
|  86|0x0000000085600000, 0x0000000085600000, 0x0000000085700000|  0%| F|  |TAMS 0x0000000085600000, 0x0000000085600000| Untracked 
|  87|0x0000000085700000, 0x0000000085700000, 0x0000000085800000|  0%| F|  |TAMS 0x0000000085700000, 0x0000000085700000| Untracked 
|  88|0x0000000085800000, 0x0000000085800000, 0x0000000085900000|  0%| F|  |TAMS 0x0000000085800000, 0x0000000085800000| Untracked 
|  89|0x0000000085900000, 0x0000000085900000, 0x0000000085a00000|  0%| F|  |TAMS 0x0000000085900000, 0x0000000085900000| Untracked 
|  90|0x0000000085a00000, 0x0000000085a00000, 0x0000000085b00000|  0%| F|  |TAMS 0x0000000085a00000, 0x0000000085a00000| Untracked 
|  91|0x0000000085b00000, 0x0000000085b00000, 0x0000000085c00000|  0%| F|  |TAMS 0x0000000085b00000, 0x0000000085b00000| Untracked 
|  92|0x0000000085c00000, 0x0000000085c00000, 0x0000000085d00000|  0%| F|  |TAMS 0x0000000085c00000, 0x0000000085c00000| Untracked 
|  93|0x0000000085d00000, 0x0000000085d00000, 0x0000000085e00000|  0%| F|  |TAMS 0x0000000085d00000, 0x0000000085d00000| Untracked 
|  94|0x0000000085e00000, 0x0000000085e00000, 0x0000000085f00000|  0%| F|  |TAMS 0x0000000085e00000, 0x0000000085e00000| Untracked 
|  95|0x0000000085f00000, 0x0000000085f00000, 0x0000000086000000|  0%| F|  |TAMS 0x0000000085f00000, 0x0000000085f00000| Untracked 
|  96|0x0000000086000000, 0x0000000086000000, 0x0000000086100000|  0%| F|  |TAMS 0x0000000086000000, 0x0000000086000000| Untracked 
|  97|0x0000000086100000, 0x0000000086100000, 0x0000000086200000|  0%| F|  |TAMS 0x0000000086100000, 0x0000000086100000| Untracked 
|  98|0x0000000086200000, 0x0000000086200000, 0x0000000086300000|  0%| F|  |TAMS 0x0000000086200000, 0x0000000086200000| Untracked 
|  99|0x0000000086300000, 0x0000000086300000, 0x0000000086400000|  0%| F|  |TAMS 0x0000000086300000, 0x0000000086300000| Untracked 
| 100|0x0000000086400000, 0x0000000086400000, 0x0000000086500000|  0%| F|  |TAMS 0x0000000086400000, 0x0000000086400000| Untracked 
| 101|0x0000000086500000, 0x0000000086500000, 0x0000000086600000|  0%| F|  |TAMS 0x0000000086500000, 0x0000000086500000| Untracked 
| 102|0x0000000086600000, 0x0000000086600000, 0x0000000086700000|  0%| F|  |TAMS 0x0000000086600000, 0x0000000086600000| Untracked 
| 103|0x0000000086700000, 0x0000000086700000, 0x0000000086800000|  0%| F|  |TAMS 0x0000000086700000, 0x0000000086700000| Untracked 
| 104|0x0000000086800000, 0x0000000086800000, 0x0000000086900000|  0%| F|  |TAMS 0x0000000086800000, 0x0000000086800000| Untracked 
| 105|0x0000000086900000, 0x0000000086900000, 0x0000000086a00000|  0%| F|  |TAMS 0x0000000086900000, 0x0000000086900000| Untracked 
| 106|0x0000000086a00000, 0x0000000086a00000, 0x0000000086b00000|  0%| F|  |TAMS 0x0000000086a00000, 0x0000000086a00000| Untracked 
| 107|0x0000000086b00000, 0x0000000086b00000, 0x0000000086c00000|  0%| F|  |TAMS 0x0000000086b00000, 0x0000000086b00000| Untracked 
| 108|0x0000000086c00000, 0x0000000086c00000, 0x0000000086d00000|  0%| F|  |TAMS 0x0000000086c00000, 0x0000000086c00000| Untracked 
| 109|0x0000000086d00000, 0x0000000086d00000, 0x0000000086e00000|  0%| F|  |TAMS 0x0000000086d00000, 0x0000000086d00000| Untracked 
| 110|0x0000000086e00000, 0x0000000086e00000, 0x0000000086f00000|  0%| F|  |TAMS 0x0000000086e00000, 0x0000000086e00000| Untracked 
| 111|0x0000000086f00000, 0x0000000086f00000, 0x0000000087000000|  0%| F|  |TAMS 0x0000000086f00000, 0x0000000086f00000| Untracked 
| 112|0x0000000087000000, 0x0000000087000000, 0x0000000087100000|  0%| F|  |TAMS 0x0000000087000000, 0x0000000087000000| Untracked 
| 113|0x0000000087100000, 0x0000000087100000, 0x0000000087200000|  0%| F|  |TAMS 0x0000000087100000, 0x0000000087100000| Untracked 
| 114|0x0000000087200000, 0x0000000087200000, 0x0000000087300000|  0%| F|  |TAMS 0x0000000087200000, 0x0000000087200000| Untracked 
| 115|0x0000000087300000, 0x0000000087300000, 0x0000000087400000|  0%| F|  |TAMS 0x0000000087300000, 0x0000000087300000| Untracked 
| 116|0x0000000087400000, 0x0000000087400000, 0x0000000087500000|  0%| F|  |TAMS 0x0000000087400000, 0x0000000087400000| Untracked 
| 117|0x0000000087500000, 0x0000000087500000, 0x0000000087600000|  0%| F|  |TAMS 0x0000000087500000, 0x0000000087500000| Untracked 
| 118|0x0000000087600000, 0x0000000087600000, 0x0000000087700000|  0%| F|  |TAMS 0x0000000087600000, 0x0000000087600000| Untracked 
| 119|0x0000000087700000, 0x0000000087700000, 0x0000000087800000|  0%| F|  |TAMS 0x0000000087700000, 0x0000000087700000| Untracked 
| 120|0x0000000087800000, 0x0000000087800000, 0x0000000087900000|  0%| F|  |TAMS 0x0000000087800000, 0x0000000087800000| Untracked 
| 121|0x0000000087900000, 0x0000000087900000, 0x0000000087a00000|  0%| F|  |TAMS 0x0000000087900000, 0x0000000087900000| Untracked 
| 122|0x0000000087a00000, 0x0000000087a00000, 0x0000000087b00000|  0%| F|  |TAMS 0x0000000087a00000, 0x0000000087a00000| Untracked 
| 123|0x0000000087b00000, 0x0000000087b00000, 0x0000000087c00000|  0%| F|  |TAMS 0x0000000087b00000, 0x0000000087b00000| Untracked 
| 124|0x0000000087c00000, 0x0000000087c00000, 0x0000000087d00000|  0%| F|  |TAMS 0x0000000087c00000, 0x0000000087c00000| Untracked 
| 125|0x0000000087d00000, 0x0000000087d00000, 0x0000000087e00000|  0%| F|  |TAMS 0x0000000087d00000, 0x0000000087d00000| Untracked 
| 126|0x0000000087e00000, 0x0000000087e00000, 0x0000000087f00000|  0%| F|  |TAMS 0x0000000087e00000, 0x0000000087e00000| Untracked 
| 127|0x0000000087f00000, 0x0000000087f00000, 0x0000000088000000|  0%| F|  |TAMS 0x0000000087f00000, 0x0000000087f00000| Untracked 
| 128|0x0000000088000000, 0x0000000088000000, 0x0000000088100000|  0%| F|  |TAMS 0x0000000088000000, 0x0000000088000000| Untracked 
| 129|0x0000000088100000, 0x0000000088100000, 0x0000000088200000|  0%| F|  |TAMS 0x0000000088100000, 0x0000000088100000| Untracked 
| 130|0x0000000088200000, 0x0000000088200000, 0x0000000088300000|  0%| F|  |TAMS 0x0000000088200000, 0x0000000088200000| Untracked 
| 131|0x0000000088300000, 0x0000000088300000, 0x0000000088400000|  0%| F|  |TAMS 0x0000000088300000, 0x0000000088300000| Untracked 
| 132|0x0000000088400000, 0x0000000088400000, 0x0000000088500000|  0%| F|  |TAMS 0x0000000088400000, 0x0000000088400000| Untracked 
| 133|0x0000000088500000, 0x0000000088500000, 0x0000000088600000|  0%| F|  |TAMS 0x0000000088500000, 0x0000000088500000| Untracked 
| 134|0x0000000088600000, 0x0000000088600000, 0x0000000088700000|  0%| F|  |TAMS 0x0000000088600000, 0x0000000088600000| Untracked 
| 135|0x0000000088700000, 0x0000000088700000, 0x0000000088800000|  0%| F|  |TAMS 0x0000000088700000, 0x0000000088700000| Untracked 
| 136|0x0000000088800000, 0x0000000088800000, 0x0000000088900000|  0%| F|  |TAMS 0x0000000088800000, 0x0000000088800000| Untracked 
| 137|0x0000000088900000, 0x0000000088900000, 0x0000000088a00000|  0%| F|  |TAMS 0x0000000088900000, 0x0000000088900000| Untracked 
| 138|0x0000000088a00000, 0x0000000088a00000, 0x0000000088b00000|  0%| F|  |TAMS 0x0000000088a00000, 0x0000000088a00000| Untracked 
| 139|0x0000000088b00000, 0x0000000088b00000, 0x0000000088c00000|  0%| F|  |TAMS 0x0000000088b00000, 0x0000000088b00000| Untracked 
| 140|0x0000000088c00000, 0x0000000088c00000, 0x0000000088d00000|  0%| F|  |TAMS 0x0000000088c00000, 0x0000000088c00000| Untracked 
| 141|0x0000000088d00000, 0x0000000088d00000, 0x0000000088e00000|  0%| F|  |TAMS 0x0000000088d00000, 0x0000000088d00000| Untracked 
| 142|0x0000000088e00000, 0x0000000088e00000, 0x0000000088f00000|  0%| F|  |TAMS 0x0000000088e00000, 0x0000000088e00000| Untracked 
| 143|0x0000000088f00000, 0x0000000088f00000, 0x0000000089000000|  0%| F|  |TAMS 0x0000000088f00000, 0x0000000088f00000| Untracked 
| 144|0x0000000089000000, 0x0000000089000000, 0x0000000089100000|  0%| F|  |TAMS 0x0000000089000000, 0x0000000089000000| Untracked 
| 145|0x0000000089100000, 0x0000000089100000, 0x0000000089200000|  0%| F|  |TAMS 0x0000000089100000, 0x0000000089100000| Untracked 
| 146|0x0000000089200000, 0x0000000089200000, 0x0000000089300000|  0%| F|  |TAMS 0x0000000089200000, 0x0000000089200000| Untracked 
| 147|0x0000000089300000, 0x0000000089300000, 0x0000000089400000|  0%| F|  |TAMS 0x0000000089300000, 0x0000000089300000| Untracked 
| 148|0x0000000089400000, 0x0000000089400000, 0x0000000089500000|  0%| F|  |TAMS 0x0000000089400000, 0x0000000089400000| Untracked 
| 149|0x0000000089500000, 0x0000000089500000, 0x0000000089600000|  0%| F|  |TAMS 0x0000000089500000, 0x0000000089500000| Untracked 
| 150|0x0000000089600000, 0x0000000089600000, 0x0000000089700000|  0%| F|  |TAMS 0x0000000089600000, 0x0000000089600000| Untracked 
| 151|0x0000000089700000, 0x0000000089700000, 0x0000000089800000|  0%| F|  |TAMS 0x0000000089700000, 0x0000000089700000| Untracked 
| 152|0x0000000089800000, 0x0000000089800000, 0x0000000089900000|  0%| F|  |TAMS 0x0000000089800000, 0x0000000089800000| Untracked 
| 153|0x0000000089900000, 0x0000000089900000, 0x0000000089a00000|  0%| F|  |TAMS 0x0000000089900000, 0x0000000089900000| Untracked 
| 154|0x0000000089a00000, 0x0000000089a00000, 0x0000000089b00000|  0%| F|  |TAMS 0x0000000089a00000, 0x0000000089a00000| Untracked 
| 155|0x0000000089b00000, 0x0000000089b00000, 0x0000000089c00000|  0%| F|  |TAMS 0x0000000089b00000, 0x0000000089b00000| Untracked 
| 156|0x0000000089c00000, 0x0000000089c00000, 0x0000000089d00000|  0%| F|  |TAMS 0x0000000089c00000, 0x0000000089c00000| Untracked 
| 157|0x0000000089d00000, 0x0000000089d00000, 0x0000000089e00000|  0%| F|  |TAMS 0x0000000089d00000, 0x0000000089d00000| Untracked 
| 158|0x0000000089e00000, 0x0000000089e00000, 0x0000000089f00000|  0%| F|  |TAMS 0x0000000089e00000, 0x0000000089e00000| Untracked 
| 159|0x0000000089f00000, 0x0000000089f00000, 0x000000008a000000|  0%| F|  |TAMS 0x0000000089f00000, 0x0000000089f00000| Untracked 
| 160|0x000000008a000000, 0x000000008a000000, 0x000000008a100000|  0%| F|  |TAMS 0x000000008a000000, 0x000000008a000000| Untracked 
| 161|0x000000008a100000, 0x000000008a100000, 0x000000008a200000|  0%| F|  |TAMS 0x000000008a100000, 0x000000008a100000| Untracked 
| 162|0x000000008a200000, 0x000000008a200000, 0x000000008a300000|  0%| F|  |TAMS 0x000000008a200000, 0x000000008a200000| Untracked 
| 163|0x000000008a300000, 0x000000008a300000, 0x000000008a400000|  0%| F|  |TAMS 0x000000008a300000, 0x000000008a300000| Untracked 
| 164|0x000000008a400000, 0x000000008a400000, 0x000000008a500000|  0%| F|  |TAMS 0x000000008a400000, 0x000000008a400000| Untracked 
| 165|0x000000008a500000, 0x000000008a500000, 0x000000008a600000|  0%| F|  |TAMS 0x000000008a500000, 0x000000008a500000| Untracked 
| 166|0x000000008a600000, 0x000000008a600000, 0x000000008a700000|  0%| F|  |TAMS 0x000000008a600000, 0x000000008a600000| Untracked 
| 167|0x000000008a700000, 0x000000008a700000, 0x000000008a800000|  0%| F|  |TAMS 0x000000008a700000, 0x000000008a700000| Untracked 
| 168|0x000000008a800000, 0x000000008a800000, 0x000000008a900000|  0%| F|  |TAMS 0x000000008a800000, 0x000000008a800000| Untracked 
| 169|0x000000008a900000, 0x000000008a900000, 0x000000008aa00000|  0%| F|  |TAMS 0x000000008a900000, 0x000000008a900000| Untracked 
| 170|0x000000008aa00000, 0x000000008aa00000, 0x000000008ab00000|  0%| F|  |TAMS 0x000000008aa00000, 0x000000008aa00000| Untracked 
| 171|0x000000008ab00000, 0x000000008ab00000, 0x000000008ac00000|  0%| F|  |TAMS 0x000000008ab00000, 0x000000008ab00000| Untracked 
| 172|0x000000008ac00000, 0x000000008ac00000, 0x000000008ad00000|  0%| F|  |TAMS 0x000000008ac00000, 0x000000008ac00000| Untracked 
| 173|0x000000008ad00000, 0x000000008adbed10, 0x000000008ae00000| 74%| S|CS|TAMS 0x000000008ad00000, 0x000000008ad00000| Complete 
| 174|0x000000008ae00000, 0x000000008af00000, 0x000000008af00000|100%| S|CS|TAMS 0x000000008ae00000, 0x000000008ae00000| Complete 
| 175|0x000000008af00000, 0x000000008b000000, 0x000000008b000000|100%| S|CS|TAMS 0x000000008af00000, 0x000000008af00000| Complete 
| 176|0x000000008b000000, 0x000000008b100000, 0x000000008b100000|100%| S|CS|TAMS 0x000000008b000000, 0x000000008b000000| Complete 
| 177|0x000000008b100000, 0x000000008b200000, 0x000000008b200000|100%| S|CS|TAMS 0x000000008b100000, 0x000000008b100000| Complete 
| 178|0x000000008b200000, 0x000000008b300000, 0x000000008b300000|100%| S|CS|TAMS 0x000000008b200000, 0x000000008b200000| Complete 
| 179|0x000000008b300000, 0x000000008b300000, 0x000000008b400000|  0%| F|  |TAMS 0x000000008b300000, 0x000000008b300000| Untracked 
| 180|0x000000008b400000, 0x000000008b400000, 0x000000008b500000|  0%| F|  |TAMS 0x000000008b400000, 0x000000008b400000| Untracked 
| 181|0x000000008b500000, 0x000000008b500000, 0x000000008b600000|  0%| F|  |TAMS 0x000000008b500000, 0x000000008b500000| Untracked 
| 182|0x000000008b600000, 0x000000008b600000, 0x000000008b700000|  0%| F|  |TAMS 0x000000008b600000, 0x000000008b600000| Untracked 
| 183|0x000000008b700000, 0x000000008b700000, 0x000000008b800000|  0%| F|  |TAMS 0x000000008b700000, 0x000000008b700000| Untracked 
| 184|0x000000008b800000, 0x000000008b800000, 0x000000008b900000|  0%| F|  |TAMS 0x000000008b800000, 0x000000008b800000| Untracked 
| 185|0x000000008b900000, 0x000000008b900000, 0x000000008ba00000|  0%| F|  |TAMS 0x000000008b900000, 0x000000008b900000| Untracked 
| 186|0x000000008ba00000, 0x000000008ba00000, 0x000000008bb00000|  0%| F|  |TAMS 0x000000008ba00000, 0x000000008ba00000| Untracked 
| 187|0x000000008bb00000, 0x000000008bb00000, 0x000000008bc00000|  0%| F|  |TAMS 0x000000008bb00000, 0x000000008bb00000| Untracked 
| 188|0x000000008bc00000, 0x000000008bc00000, 0x000000008bd00000|  0%| F|  |TAMS 0x000000008bc00000, 0x000000008bc00000| Untracked 
| 189|0x000000008bd00000, 0x000000008bd00000, 0x000000008be00000|  0%| F|  |TAMS 0x000000008bd00000, 0x000000008bd00000| Untracked 
| 190|0x000000008be00000, 0x000000008be00000, 0x000000008bf00000|  0%| F|  |TAMS 0x000000008be00000, 0x000000008be00000| Untracked 
| 191|0x000000008bf00000, 0x000000008bf00000, 0x000000008c000000|  0%| F|  |TAMS 0x000000008bf00000, 0x000000008bf00000| Untracked 
| 192|0x000000008c000000, 0x000000008c000000, 0x000000008c100000|  0%| F|  |TAMS 0x000000008c000000, 0x000000008c000000| Untracked 
| 193|0x000000008c100000, 0x000000008c100000, 0x000000008c200000|  0%| F|  |TAMS 0x000000008c100000, 0x000000008c100000| Untracked 
| 194|0x000000008c200000, 0x000000008c200000, 0x000000008c300000|  0%| F|  |TAMS 0x000000008c200000, 0x000000008c200000| Untracked 
| 195|0x000000008c300000, 0x000000008c300000, 0x000000008c400000|  0%| F|  |TAMS 0x000000008c300000, 0x000000008c300000| Untracked 
| 196|0x000000008c400000, 0x000000008c400000, 0x000000008c500000|  0%| F|  |TAMS 0x000000008c400000, 0x000000008c400000| Untracked 
| 197|0x000000008c500000, 0x000000008c500000, 0x000000008c600000|  0%| F|  |TAMS 0x000000008c500000, 0x000000008c500000| Untracked 
| 198|0x000000008c600000, 0x000000008c600000, 0x000000008c700000|  0%| F|  |TAMS 0x000000008c600000, 0x000000008c600000| Untracked 
| 199|0x000000008c700000, 0x000000008c700000, 0x000000008c800000|  0%| F|  |TAMS 0x000000008c700000, 0x000000008c700000| Untracked 
| 200|0x000000008c800000, 0x000000008c800000, 0x000000008c900000|  0%| F|  |TAMS 0x000000008c800000, 0x000000008c800000| Untracked 
| 201|0x000000008c900000, 0x000000008c900000, 0x000000008ca00000|  0%| F|  |TAMS 0x000000008c900000, 0x000000008c900000| Untracked 
| 202|0x000000008ca00000, 0x000000008ca00000, 0x000000008cb00000|  0%| F|  |TAMS 0x000000008ca00000, 0x000000008ca00000| Untracked 
| 203|0x000000008cb00000, 0x000000008cb00000, 0x000000008cc00000|  0%| F|  |TAMS 0x000000008cb00000, 0x000000008cb00000| Untracked 
| 204|0x000000008cc00000, 0x000000008cc00000, 0x000000008cd00000|  0%| F|  |TAMS 0x000000008cc00000, 0x000000008cc00000| Untracked 
| 205|0x000000008cd00000, 0x000000008cd00000, 0x000000008ce00000|  0%| F|  |TAMS 0x000000008cd00000, 0x000000008cd00000| Untracked 
| 206|0x000000008ce00000, 0x000000008ce00000, 0x000000008cf00000|  0%| F|  |TAMS 0x000000008ce00000, 0x000000008ce00000| Untracked 
| 207|0x000000008cf00000, 0x000000008cf00000, 0x000000008d000000|  0%| F|  |TAMS 0x000000008cf00000, 0x000000008cf00000| Untracked 
| 208|0x000000008d000000, 0x000000008d000000, 0x000000008d100000|  0%| F|  |TAMS 0x000000008d000000, 0x000000008d000000| Untracked 
| 209|0x000000008d100000, 0x000000008d100000, 0x000000008d200000|  0%| F|  |TAMS 0x000000008d100000, 0x000000008d100000| Untracked 
| 210|0x000000008d200000, 0x000000008d200000, 0x000000008d300000|  0%| F|  |TAMS 0x000000008d200000, 0x000000008d200000| Untracked 
| 211|0x000000008d300000, 0x000000008d300000, 0x000000008d400000|  0%| F|  |TAMS 0x000000008d300000, 0x000000008d300000| Untracked 
| 212|0x000000008d400000, 0x000000008d400000, 0x000000008d500000|  0%| F|  |TAMS 0x000000008d400000, 0x000000008d400000| Untracked 
| 213|0x000000008d500000, 0x000000008d500000, 0x000000008d600000|  0%| F|  |TAMS 0x000000008d500000, 0x000000008d500000| Untracked 
| 214|0x000000008d600000, 0x000000008d600000, 0x000000008d700000|  0%| F|  |TAMS 0x000000008d600000, 0x000000008d600000| Untracked 
| 215|0x000000008d700000, 0x000000008d700000, 0x000000008d800000|  0%| F|  |TAMS 0x000000008d700000, 0x000000008d700000| Untracked 
| 216|0x000000008d800000, 0x000000008d880800, 0x000000008d900000| 50%| E|  |TAMS 0x000000008d800000, 0x000000008d800000| Complete 
| 217|0x000000008d900000, 0x000000008da00000, 0x000000008da00000|100%| E|CS|TAMS 0x000000008d900000, 0x000000008d900000| Complete 
| 218|0x000000008da00000, 0x000000008db00000, 0x000000008db00000|100%| E|CS|TAMS 0x000000008da00000, 0x000000008da00000| Complete 
| 219|0x000000008db00000, 0x000000008dc00000, 0x000000008dc00000|100%| E|CS|TAMS 0x000000008db00000, 0x000000008db00000| Complete 
| 220|0x000000008dc00000, 0x000000008dd00000, 0x000000008dd00000|100%| E|CS|TAMS 0x000000008dc00000, 0x000000008dc00000| Complete 
| 221|0x000000008dd00000, 0x000000008de00000, 0x000000008de00000|100%| E|CS|TAMS 0x000000008dd00000, 0x000000008dd00000| Complete 
| 222|0x000000008de00000, 0x000000008df00000, 0x000000008df00000|100%| E|CS|TAMS 0x000000008de00000, 0x000000008de00000| Complete 
| 223|0x000000008df00000, 0x000000008e000000, 0x000000008e000000|100%| E|CS|TAMS 0x000000008df00000, 0x000000008df00000| Complete 
| 224|0x000000008e000000, 0x000000008e100000, 0x000000008e100000|100%| E|CS|TAMS 0x000000008e000000, 0x000000008e000000| Complete 
| 225|0x000000008e100000, 0x000000008e200000, 0x000000008e200000|100%| E|CS|TAMS 0x000000008e100000, 0x000000008e100000| Complete 
| 226|0x000000008e200000, 0x000000008e300000, 0x000000008e300000|100%| E|CS|TAMS 0x000000008e200000, 0x000000008e200000| Complete 
| 227|0x000000008e300000, 0x000000008e400000, 0x000000008e400000|100%| E|CS|TAMS 0x000000008e300000, 0x000000008e300000| Complete 
| 228|0x000000008e400000, 0x000000008e500000, 0x000000008e500000|100%| E|CS|TAMS 0x000000008e400000, 0x000000008e400000| Complete 
| 229|0x000000008e500000, 0x000000008e600000, 0x000000008e600000|100%| E|CS|TAMS 0x000000008e500000, 0x000000008e500000| Complete 
| 230|0x000000008e600000, 0x000000008e700000, 0x000000008e700000|100%| E|CS|TAMS 0x000000008e600000, 0x000000008e600000| Complete 
| 231|0x000000008e700000, 0x000000008e800000, 0x000000008e800000|100%| E|CS|TAMS 0x000000008e700000, 0x000000008e700000| Complete 
| 232|0x000000008e800000, 0x000000008e900000, 0x000000008e900000|100%| E|CS|TAMS 0x000000008e800000, 0x000000008e800000| Complete 
| 233|0x000000008e900000, 0x000000008ea00000, 0x000000008ea00000|100%| E|CS|TAMS 0x000000008e900000, 0x000000008e900000| Complete 
| 234|0x000000008ea00000, 0x000000008eb00000, 0x000000008eb00000|100%| E|CS|TAMS 0x000000008ea00000, 0x000000008ea00000| Complete 
| 235|0x000000008eb00000, 0x000000008ec00000, 0x000000008ec00000|100%| E|CS|TAMS 0x000000008eb00000, 0x000000008eb00000| Complete 
| 236|0x000000008ec00000, 0x000000008ed00000, 0x000000008ed00000|100%| E|CS|TAMS 0x000000008ec00000, 0x000000008ec00000| Complete 
| 237|0x000000008ed00000, 0x000000008ee00000, 0x000000008ee00000|100%| E|CS|TAMS 0x000000008ed00000, 0x000000008ed00000| Complete 
| 238|0x000000008ee00000, 0x000000008ef00000, 0x000000008ef00000|100%| E|CS|TAMS 0x000000008ee00000, 0x000000008ee00000| Complete 
| 239|0x000000008ef00000, 0x000000008f000000, 0x000000008f000000|100%| E|CS|TAMS 0x000000008ef00000, 0x000000008ef00000| Complete 
| 240|0x000000008f000000, 0x000000008f100000, 0x000000008f100000|100%| E|CS|TAMS 0x000000008f000000, 0x000000008f000000| Complete 
| 241|0x000000008f100000, 0x000000008f200000, 0x000000008f200000|100%| E|CS|TAMS 0x000000008f100000, 0x000000008f100000| Complete 
| 242|0x000000008f200000, 0x000000008f300000, 0x000000008f300000|100%| E|CS|TAMS 0x000000008f200000, 0x000000008f200000| Complete 
| 243|0x000000008f300000, 0x000000008f400000, 0x000000008f400000|100%| E|CS|TAMS 0x000000008f300000, 0x000000008f300000| Complete 
| 244|0x000000008f400000, 0x000000008f500000, 0x000000008f500000|100%| E|CS|TAMS 0x000000008f400000, 0x000000008f400000| Complete 
| 245|0x000000008f500000, 0x000000008f600000, 0x000000008f600000|100%| E|CS|TAMS 0x000000008f500000, 0x000000008f500000| Complete 
| 246|0x000000008f600000, 0x000000008f700000, 0x000000008f700000|100%| E|CS|TAMS 0x000000008f600000, 0x000000008f600000| Complete 
| 247|0x000000008f700000, 0x000000008f800000, 0x000000008f800000|100%| E|  |TAMS 0x000000008f700000, 0x000000008f700000| Complete 
| 248|0x000000008f800000, 0x000000008f900000, 0x000000008f900000|100%| E|CS|TAMS 0x000000008f800000, 0x000000008f800000| Complete 
| 249|0x000000008f900000, 0x000000008fa00000, 0x000000008fa00000|100%| E|CS|TAMS 0x000000008f900000, 0x000000008f900000| Complete 
| 250|0x000000008fa00000, 0x000000008fb00000, 0x000000008fb00000|100%| E|CS|TAMS 0x000000008fa00000, 0x000000008fa00000| Complete 
| 251|0x000000008fb00000, 0x000000008fc00000, 0x000000008fc00000|100%| E|CS|TAMS 0x000000008fb00000, 0x000000008fb00000| Complete 
| 252|0x000000008fc00000, 0x000000008fd00000, 0x000000008fd00000|100%| E|CS|TAMS 0x000000008fc00000, 0x000000008fc00000| Complete 
| 253|0x000000008fd00000, 0x000000008fe00000, 0x000000008fe00000|100%| E|CS|TAMS 0x000000008fd00000, 0x000000008fd00000| Complete 

Card table byte_map: [0x00000208ec120000,0x00000208ec520000] _byte_map_base: 0x00000208ebd20000

Marking Bits (Prev, Next): (CMBitMap*) 0x00000208d213b648, (CMBitMap*) 0x00000208d213b680
 Prev Bits: [0x00000208ec920000, 0x00000208ee920000)
 Next Bits: [0x00000208ee920000, 0x00000208f0920000)

Polling page: 0x00000208d21d0000

Metaspace:

Usage:
  Non-class:     34.08 MB capacity,    33.50 MB ( 98%) used,   489.19 KB (  1%) free+waste,   101.13 KB ( <1%) overhead. 
      Class:      5.26 MB capacity,     4.89 MB ( 93%) used,   329.40 KB (  6%) free+waste,    49.38 KB ( <1%) overhead. 
       Both:     39.34 MB capacity,    38.39 MB ( 98%) used,   818.59 KB (  2%) free+waste,   150.50 KB ( <1%) overhead. 

Virtual space:
  Non-class space:       40.00 MB reserved,      34.33 MB ( 86%) committed 
      Class space:      504.00 MB reserved,       5.38 MB (  1%) committed 
             Both:      544.00 MB reserved,      39.70 MB (  7%) committed 

Chunk freelists:
   Non-Class:  0 bytes
       Class:  25.00 KB
        Both:  25.00 KB

MaxMetaspaceSize: 512.00 MB
CompressedClassSpaceSize: 504.00 MB
Initial GC threshold: 20.80 MB
Current GC threshold: 58.88 MB
CDS: off

CodeHeap 'non-profiled nmethods': size=120000Kb used=2008Kb max_used=2008Kb free=117992Kb
 bounds [0x00000208e3b40000, 0x00000208e3db0000, 0x00000208eb070000]
CodeHeap 'profiled nmethods': size=120000Kb used=7165Kb max_used=7165Kb free=112834Kb
 bounds [0x00000208dc610000, 0x00000208dcd10000, 0x00000208e3b40000]
CodeHeap 'non-nmethods': size=5760Kb used=1584Kb max_used=1631Kb free=4176Kb
 bounds [0x00000208dc070000, 0x00000208dc2e0000, 0x00000208dc610000]
 total_blobs=4058 nmethods=3432 adapters=538
 compilation: enabled
              stopped_count=0, restarted_count=0
 full_count=0

Compilation events (20 events):
Event: 4.577 Thread 0x00000208f3ee1000 nmethod 3410 0x00000208dccfdd10 code [0x00000208dccfe0c0, 0x00000208dccff378]
Event: 4.577 Thread 0x00000208f3ee1000 3411       3       org.gradle.internal.reflect.MutableClassDetails::property (41 bytes)
Event: 4.578 Thread 0x00000208f3ee1000 nmethod 3411 0x00000208dccffb90 code [0x00000208dccffe20, 0x00000208dcd00b98]
Event: 4.578 Thread 0x00000208f3ee1000 3412       3       java.lang.reflect.Constructor::acquireConstructorAccessor (44 bytes)
Event: 4.579 Thread 0x00000208f3ee1000 nmethod 3412 0x00000208dcd00f90 code [0x00000208dcd01180, 0x00000208dcd01658]
Event: 4.579 Thread 0x00000208f3ee1000 3416       1       com.google.common.collect.LinkedHashMultimap::access$300 (5 bytes)
Event: 4.579 Thread 0x00000208f3ee1000 nmethod 3416 0x00000208e3d31590 code [0x00000208e3d31740, 0x00000208e3d317d8]
Event: 4.579 Thread 0x00000208f3ede000 nmethod 3414 0x00000208e3d31890 code [0x00000208e3d31a20, 0x00000208e3d31af8]
Event: 4.579 Thread 0x00000208f3ede000 3415       4       java.util.Spliterator::getExactSizeIfKnown (25 bytes)
Event: 4.579 Thread 0x00000208f7dc9800 nmethod 3413 0x00000208e3d31c10 code [0x00000208e3d31da0, 0x00000208e3d31ed8]
Event: 4.579 Thread 0x00000208f3ee1000 3417       3       java.util.ArrayList$ArrayListSpliterator::estimateSize (11 bytes)
Event: 4.579 Thread 0x00000208f3ee1000 nmethod 3417 0x00000208dcd01810 code [0x00000208dcd019c0, 0x00000208dcd01b78]
Event: 4.579 Thread 0x00000208f3ee1000 3418       3       org.gradle.internal.instantiation.generator.AbstractClassGenerator::access$1500 (5 bytes)
Event: 4.580 Thread 0x00000208f3ee1000 nmethod 3418 0x00000208dcd01c90 code [0x00000208dcd01e40, 0x00000208dcd01f48]
Event: 4.580 Thread 0x00000208f3ee1000 3419       3       org.gradle.internal.instantiation.generator.AbstractClassGenerator::isLazyAttachProperty (46 bytes)
Event: 4.580 Thread 0x00000208f3ede000 nmethod 3415 0x00000208e3d32010 code [0x00000208e3d321a0, 0x00000208e3d32258]
Event: 4.581 Thread 0x00000208f3ee1000 nmethod 3419 0x00000208dcd02010 code [0x00000208dcd02400, 0x00000208dcd04028]
Event: 4.581 Thread 0x00000208f3ee1000 3420       1       org.slf4j.impl.StaticLoggerBinder::getLoggerFactory (5 bytes)
Event: 4.582 Thread 0x00000208f3ee1000 nmethod 3420 0x00000208e3d32390 code [0x00000208e3d32540, 0x00000208e3d325f8]
Event: 4.584 Thread 0x00000208f7dc9800 3421       4       jdk.internal.org.objectweb.asm.Type::getArgumentsAndReturnSizes (151 bytes)

GC Heap History (8 events):
Event: 0.735 GC heap before
{Heap before GC invocations=0 (full 0):
 garbage-first heap   total 260096K, used 27648K [0x0000000080000000, 0x0000000100000000)
  region size 1024K, 24 young (24576K), 0 survivors (0K)
 Metaspace       used 9813K, capacity 10016K, committed 10112K, reserved 526336K
  class space    used 994K, capacity 1069K, committed 1152K, reserved 516096K
}
Event: 0.739 GC heap after
{Heap after GC invocations=1 (full 0):
 garbage-first heap   total 260096K, used 10451K [0x0000000080000000, 0x0000000100000000)
  region size 1024K, 3 young (3072K), 3 survivors (3072K)
 Metaspace       used 9813K, capacity 10016K, committed 10112K, reserved 526336K
  class space    used 994K, capacity 1069K, committed 1152K, reserved 516096K
}
Event: 2.328 GC heap before
{Heap before GC invocations=1 (full 0):
 garbage-first heap   total 260096K, used 103635K [0x0000000080000000, 0x0000000100000000)
  region size 1024K, 94 young (96256K), 3 survivors (3072K)
 Metaspace       used 20772K, capacity 21157K, committed 21296K, reserved 536576K
  class space    used 2463K, capacity 2640K, committed 2688K, reserved 516096K
}
Event: 2.336 GC heap after
{Heap after GC invocations=2 (full 0):
 garbage-first heap   total 260096K, used 18221K [0x0000000080000000, 0x0000000100000000)
  region size 1024K, 11 young (11264K), 11 survivors (11264K)
 Metaspace       used 20772K, capacity 21157K, committed 21296K, reserved 536576K
  class space    used 2463K, capacity 2640K, committed 2688K, reserved 516096K
}
Event: 2.774 GC heap before
{Heap before GC invocations=3 (full 0):
 garbage-first heap   total 260096K, used 76589K [0x0000000080000000, 0x0000000100000000)
  region size 1024K, 68 young (69632K), 11 survivors (11264K)
 Metaspace       used 26177K, capacity 26755K, committed 26800K, reserved 540672K
  class space    used 3324K, capacity 3553K, committed 3584K, reserved 516096K
}
Event: 2.781 GC heap after
{Heap after GC invocations=4 (full 0):
 garbage-first heap   total 260096K, used 20543K [0x0000000080000000, 0x0000000100000000)
  region size 1024K, 3 young (3072K), 3 survivors (3072K)
 Metaspace       used 26177K, capacity 26755K, committed 26800K, reserved 540672K
  class space    used 3324K, capacity 3553K, committed 3584K, reserved 516096K
}
Event: 3.874 GC heap before
{Heap before GC invocations=4 (full 0):
 garbage-first heap   total 260096K, used 93247K [0x0000000080000000, 0x0000000100000000)
  region size 1024K, 75 young (76800K), 3 survivors (3072K)
 Metaspace       used 34983K, capacity 35778K, committed 35920K, reserved 548864K
  class space    used 4464K, capacity 4780K, committed 4864K, reserved 516096K
}
Event: 3.886 GC heap after
{Heap after GC invocations=5 (full 0):
 garbage-first heap   total 260096K, used 23545K [0x0000000080000000, 0x0000000100000000)
  region size 1024K, 6 young (6144K), 6 survivors (6144K)
 Metaspace       used 34983K, capacity 35778K, committed 35920K, reserved 548864K
  class space    used 4464K, capacity 4780K, committed 4864K, reserved 516096K
}

Deoptimization events (20 events):
Event: 4.527 Thread 0x00000208f54c4800 Uncommon trap: trap_request=0xffffffc6 fr.pc=0x00000208e3d1ecf4 relative=0x0000000000000a34
Event: 4.527 Thread 0x00000208f54c4800 Uncommon trap: reason=bimorphic_or_optimized_type_check action=maybe_recompile pc=0x00000208e3d1ecf4 method=java.util.stream.ReferencePipeline.forEachWithCancel(Ljava/util/Spliterator;Ljava/util/stream/Sink;)Z @ 13 c2
Event: 4.527 Thread 0x00000208f54c4800 DEOPT PACKING pc=0x00000208e3d1ecf4 sp=0x000000e2c01f8c40
Event: 4.527 Thread 0x00000208f54c4800 DEOPT UNPACKING pc=0x00000208dc0ba1af sp=0x000000e2c01f8c08 mode 2
Event: 4.527 Thread 0x00000208f54c4800 Uncommon trap: trap_request=0xffffffc6 fr.pc=0x00000208e3d1ecf4 relative=0x0000000000000a34
Event: 4.528 Thread 0x00000208f54c4800 Uncommon trap: reason=bimorphic_or_optimized_type_check action=maybe_recompile pc=0x00000208e3d1ecf4 method=java.util.stream.ReferencePipeline.forEachWithCancel(Ljava/util/Spliterator;Ljava/util/stream/Sink;)Z @ 13 c2
Event: 4.528 Thread 0x00000208f54c4800 DEOPT PACKING pc=0x00000208e3d1ecf4 sp=0x000000e2c01f8c40
Event: 4.528 Thread 0x00000208f54c4800 DEOPT UNPACKING pc=0x00000208dc0ba1af sp=0x000000e2c01f8c08 mode 2
Event: 4.528 Thread 0x00000208f54c4800 Uncommon trap: trap_request=0xffffffc6 fr.pc=0x00000208e3d1ecf4 relative=0x0000000000000a34
Event: 4.528 Thread 0x00000208f54c4800 Uncommon trap: reason=bimorphic_or_optimized_type_check action=maybe_recompile pc=0x00000208e3d1ecf4 method=java.util.stream.ReferencePipeline.forEachWithCancel(Ljava/util/Spliterator;Ljava/util/stream/Sink;)Z @ 13 c2
Event: 4.528 Thread 0x00000208f54c4800 DEOPT PACKING pc=0x00000208e3d1ecf4 sp=0x000000e2c01f8ce0
Event: 4.528 Thread 0x00000208f54c4800 DEOPT UNPACKING pc=0x00000208dc0ba1af sp=0x000000e2c01f8ca8 mode 2
Event: 4.567 Thread 0x00000208f54c4800 Uncommon trap: trap_request=0xffffff4d fr.pc=0x00000208e3bd4ab4 relative=0x0000000000002214
Event: 4.567 Thread 0x00000208f54c4800 Uncommon trap: reason=unstable_if action=reinterpret pc=0x00000208e3bd4ab4 method=java.util.zip.ZipFile$Source.initCEN(ILjava/util/zip/ZipCoder;)V @ 669 c2
Event: 4.567 Thread 0x00000208f54c4800 DEOPT PACKING pc=0x00000208e3bd4ab4 sp=0x000000e2c01f4980
Event: 4.567 Thread 0x00000208f54c4800 DEOPT UNPACKING pc=0x00000208dc0ba1af sp=0x000000e2c01f4940 mode 2
Event: 4.570 Thread 0x00000208f54c4800 Uncommon trap: trap_request=0xffffff4d fr.pc=0x00000208e3ca7bf4 relative=0x0000000000000694
Event: 4.570 Thread 0x00000208f54c4800 Uncommon trap: reason=unstable_if action=reinterpret pc=0x00000208e3ca7bf4 method=java.lang.Class.getPackageName()Ljava/lang/String; @ 55 c2
Event: 4.570 Thread 0x00000208f54c4800 DEOPT PACKING pc=0x00000208e3ca7bf4 sp=0x000000e2c01f8480
Event: 4.570 Thread 0x00000208f54c4800 DEOPT UNPACKING pc=0x00000208dc0ba1af sp=0x000000e2c01f8440 mode 2

Classes redefined (0 events):
No events

Internal exceptions (20 events):
Event: 4.040 Thread 0x00000208f54c4800 Exception <a 'java/lang/NoSuchMethodError'{0x000000008fb97d08}: 'java.lang.Object java.lang.invoke.DirectMethodHandle$Holder.invokeStatic(java.lang.Object, java.lang.Object, java.lang.Object, java.lang.Object, java.lang.Object, java.lang.Object, java.lang.Object, java.lang.Object, java.lang.Object, java.lang.Object, java.lang.Object, int, int)'> (0x000000008fb97d08) thrown at [s\src\hotspot\share\interpreter\linkResolver.cpp, line 773]
Event: 4.042 Thread 0x00000208f54c4800 Exception <a 'java/lang/NoSuchMethodError'{0x000000008fbb77e0}: 'java.lang.Object java.lang.invoke.DirectMethodHandle$Holder.invokeStatic(java.lang.Object, java.lang.Object, java.lang.Object, java.lang.Object, java.lang.Object, java.lang.Object, java.lang.Object, java.lang.Object, java.lang.Object, java.lang.Object, java.lang.Object, int, int, java.lang.Object)'> (0x000000008fbb77e0) thrown at [s\src\hotspot\share\interpreter\linkResolver.cpp, line 773]
Event: 4.044 Thread 0x00000208f54c4800 Exception <a 'java/lang/NoSuchMethodError'{0x000000008fbd8b80}: 'java.lang.Object java.lang.invoke.DirectMethodHandle$Holder.invokeStatic(java.lang.Object, java.lang.Object, java.lang.Object, java.lang.Object, java.lang.Object, java.lang.Object, java.lang.Object, java.lang.Object, java.lang.Object, java.lang.Object, java.lang.Object, int, int, java.lang.Object, java.lang.Object)'> (0x000000008fbd8b80) thrown at [s\src\hotspot\share\interpreter\linkResolver.cpp, line 773]
Event: 4.047 Thread 0x00000208f54c4800 Exception <a 'java/lang/ClassNotFoundException'{0x000000008fa09938}: groovy/lang/ExpandoMetaClassBeanInfo> (0x000000008fa09938) thrown at [s\src\hotspot\share\classfile\systemDictionary.cpp, line 230]
Event: 4.048 Thread 0x00000208f54c4800 Exception <a 'java/lang/ClassNotFoundException'{0x000000008fa2a440}: groovy/lang/MetaClassImplBeanInfo> (0x000000008fa2a440) thrown at [s\src\hotspot\share\classfile\systemDictionary.cpp, line 230]
Event: 4.049 Thread 0x00000208f54c4800 Exception <a 'java/lang/ClassNotFoundException'{0x000000008fa33998}: java/lang/ObjectBeanInfo> (0x000000008fa33998) thrown at [s\src\hotspot\share\classfile\systemDictionary.cpp, line 230]
Event: 4.050 Thread 0x00000208f54c4800 Exception <a 'java/lang/ClassNotFoundException'{0x000000008fa3f360}: java/lang/ObjectCustomizer> (0x000000008fa3f360) thrown at [s\src\hotspot\share\classfile\systemDictionary.cpp, line 230]
Event: 4.075 Thread 0x00000208f54c4800 Exception <a 'java/lang/ClassNotFoundException'{0x000000008fa66d78}: groovy/lang/MetaClassImplCustomizer> (0x000000008fa66d78) thrown at [s\src\hotspot\share\classfile\systemDictionary.cpp, line 230]
Event: 4.078 Thread 0x00000208f54c4800 Exception <a 'java/lang/ClassNotFoundException'{0x000000008faf5678}: groovy/lang/ExpandoMetaClassCustomizer> (0x000000008faf5678) thrown at [s\src\hotspot\share\classfile\systemDictionary.cpp, line 230]
Event: 4.376 Thread 0x00000208f54c4800 Exception <a 'java/lang/ClassNotFoundException'{0x000000008e255830}: org/gradle/internal/extensibility/DefaultExtraPropertiesExtensionBeanInfo> (0x000000008e255830) thrown at [s\src\hotspot\share\classfile\systemDictionary.cpp, line 230]
Event: 4.377 Thread 0x00000208f54c4800 Exception <a 'java/lang/ClassNotFoundException'{0x000000008e277648}: groovy/lang/GroovyObjectSupportBeanInfo> (0x000000008e277648) thrown at [s\src\hotspot\share\classfile\systemDictionary.cpp, line 230]
Event: 4.378 Thread 0x00000208f54c4800 Exception <a 'java/lang/ClassNotFoundException'{0x000000008e299700}: groovy/lang/GroovyObjectSupportCustomizer> (0x000000008e299700) thrown at [s\src\hotspot\share\classfile\systemDictionary.cpp, line 230]
Event: 4.380 Thread 0x00000208f54c4800 Exception <a 'java/lang/ClassNotFoundException'{0x000000008e2c1bf0}: org/gradle/internal/extensibility/DefaultExtraPropertiesExtensionCustomizer> (0x000000008e2c1bf0) thrown at [s\src\hotspot\share\classfile\systemDictionary.cpp, line 230]
Event: 4.478 Thread 0x00000208f54c4800 Exception <a 'java/lang/NoSuchMethodError'{0x000000008e0fcfe0}: 'java.lang.Object java.lang.invoke.Invokers$Holder.linkToTargetMethod(java.lang.Object, long, java.lang.Object)'> (0x000000008e0fcfe0) thrown at [s\src\hotspot\share\interpreter\linkResolver.cpp, line 773]
Event: 4.492 Thread 0x00000208f54c4800 Exception <a 'java/lang/NoSuchMethodError'{0x000000008dfbf860}: 'int java.lang.invoke.DirectMethodHandle$Holder.invokeStatic(java.lang.Object, java.lang.Object, java.lang.Object, java.lang.Object, java.lang.Object)'> (0x000000008dfbf860) thrown at [s\src\hotspot\share\interpreter\linkResolver.cpp, line 773]
Event: 4.508 Thread 0x00000208f54c4800 Exception <a 'java/lang/NoSuchMethodError'{0x000000008de60010}: 'int java.lang.invoke.DirectMethodHandle$Holder.invokeInterface(java.lang.Object, java.lang.Object)'> (0x000000008de60010) thrown at [s\src\hotspot\share\interpreter\linkResolver.cpp, line 773]
Event: 4.511 Thread 0x00000208f54c4800 Exception <a 'java/lang/NoSuchMethodError'{0x000000008de878f8}: 'java.lang.Object java.lang.invoke.DirectMethodHandle$Holder.invokeStatic(java.lang.Object, java.lang.Object, int, java.lang.Object)'> (0x000000008de878f8) thrown at [s\src\hotspot\share\interpreter\linkResolver.cpp, line 773]
Event: 4.512 Thread 0x00000208f54c4800 Exception <a 'java/lang/NoSuchMethodError'{0x000000008de91c40}: 'java.lang.Object java.lang.invoke.Invokers$Holder.linkToTargetMethod(java.lang.Object, int, java.lang.Object, java.lang.Object)'> (0x000000008de91c40) thrown at [s\src\hotspot\share\interpreter\linkResolver.cpp, line 773]
Event: 4.519 Thread 0x00000208f54c4800 Exception <a 'java/lang/IncompatibleClassChangeError'{0x000000008dec2b98}: Found class java.lang.Object, but interface was expected> (0x000000008dec2b98) thrown at [s\src\hotspot\share\interpreter\linkResolver.cpp, line 839]
Event: 4.567 Thread 0x00000208f54c4800 Implicit null exception at 0x00000208e3bd3970 to 0x00000208e3bd4aa2

Events (20 events):
Event: 4.584 loading class org/codehaus/groovy/runtime/callsite/CallSite
Event: 4.584 loading class org/codehaus/groovy/runtime/callsite/CallSite done
Event: 4.584 loading class org/codehaus/groovy/runtime/callsite/CallSite
Event: 4.584 loading class org/codehaus/groovy/runtime/callsite/CallSite done
Event: 4.585 loading class java/util/stream/Nodes$FixedNodeBuilder
Event: 4.585 loading class java/util/stream/Nodes$ArrayNode
Event: 4.586 loading class java/util/stream/Nodes$ArrayNode done
Event: 4.586 loading class java/util/stream/Nodes$FixedNodeBuilder done
Event: 4.586 loading class java/util/stream/IntPipeline$1$1
Event: 4.586 loading class java/util/stream/Sink$ChainedInt
Event: 4.586 loading class java/util/stream/Sink$OfInt
Event: 4.586 loading class java/util/function/IntConsumer
Event: 4.586 loading class java/util/function/IntConsumer done
Event: 4.586 loading class java/util/stream/Sink$OfInt done
Event: 4.586 loading class java/util/stream/Sink$ChainedInt done
Event: 4.586 loading class java/util/stream/IntPipeline$1$1 done
Event: 4.587 loading class org/gradle/internal/classpath/Instrumented
Event: 4.587 loading class org/gradle/internal/classpath/Instrumented done
Event: 4.587 loading class org/gradle/internal/classpath/AccessTrackingProperties$Listener
Event: 4.587 loading class org/gradle/internal/classpath/AccessTrackingProperties$Listener done


Dynamic libraries:
0x00007ff69ae90000 - 0x00007ff69ae9d000 	C:\Program Files\Microsoft\jdk-11.0.20.8-hotspot\bin\java.exe
0x00007ffc30250000 - 0x00007ffc30464000 	C:\WINDOWS\SYSTEM32\ntdll.dll
0x00007ffc2e900000 - 0x00007ffc2e9c4000 	C:\WINDOWS\System32\KERNEL32.DLL
0x00007ffc2d810000 - 0x00007ffc2dbb4000 	C:\WINDOWS\System32\KERNELBASE.dll
0x00007ffc2dbf0000 - 0x00007ffc2dd01000 	C:\WINDOWS\System32\ucrtbase.dll
0x00007ffc25f60000 - 0x00007ffc25f77000 	C:\Program Files\Microsoft\jdk-11.0.20.8-hotspot\bin\jli.dll
0x00007ffc250f0000 - 0x00007ffc25105000 	C:\Program Files\Microsoft\jdk-11.0.20.8-hotspot\bin\VCRUNTIME140.dll
0x00007ffc2e9d0000 - 0x00007ffc2eb7a000 	C:\WINDOWS\System32\USER32.dll
0x00007ffc2dbc0000 - 0x00007ffc2dbe6000 	C:\WINDOWS\System32\win32u.dll
0x00007ffc189b0000 - 0x00007ffc18c3f000 	C:\WINDOWS\WinSxS\amd64_microsoft.windows.common-controls_6595b64144ccf1df_6.0.22621.2070_none_2713e6537381f706\COMCTL32.dll
0x00007ffc2e800000 - 0x00007ffc2e829000 	C:\WINDOWS\System32\GDI32.dll
0x00007ffc2f970000 - 0x00007ffc2fa17000 	C:\WINDOWS\System32\msvcrt.dll
0x00007ffc2dd10000 - 0x00007ffc2de29000 	C:\WINDOWS\System32\gdi32full.dll
0x00007ffc2df70000 - 0x00007ffc2e00a000 	C:\WINDOWS\System32\msvcp_win.dll
0x00007ffc2f710000 - 0x00007ffc2f741000 	C:\WINDOWS\System32\IMM32.DLL
0x00007ffbaa840000 - 0x00007ffbaa8db000 	C:\Program Files\Microsoft\jdk-11.0.20.8-hotspot\bin\msvcp140.dll
0x00007ffba9ca0000 - 0x00007ffbaa836000 	C:\Program Files\Microsoft\jdk-11.0.20.8-hotspot\bin\server\jvm.dll
0x00007ffc2fa20000 - 0x00007ffc2fad0000 	C:\WINDOWS\System32\ADVAPI32.dll
0x00007ffc2fc40000 - 0x00007ffc2fce6000 	C:\WINDOWS\System32\sechost.dll
0x00007ffc2f750000 - 0x00007ffc2f867000 	C:\WINDOWS\System32\RPCRT4.dll
0x00007ffc2fcf0000 - 0x00007ffc2fcf8000 	C:\WINDOWS\System32\PSAPI.DLL
0x00007ffc187c0000 - 0x00007ffc187c9000 	C:\WINDOWS\SYSTEM32\WSOCK32.dll
0x00007ffc23bd0000 - 0x00007ffc23c04000 	C:\WINDOWS\SYSTEM32\WINMM.dll
0x00007ffc27170000 - 0x00007ffc2717a000 	C:\WINDOWS\SYSTEM32\VERSION.dll
0x00007ffc30180000 - 0x00007ffc301f1000 	C:\WINDOWS\System32\WS2_32.dll
0x00007ffc2c5e0000 - 0x00007ffc2c5f8000 	C:\WINDOWS\SYSTEM32\kernel.appcore.dll
0x00007ffc187b0000 - 0x00007ffc187c0000 	C:\Program Files\Microsoft\jdk-11.0.20.8-hotspot\bin\verify.dll
0x00007ffc26130000 - 0x00007ffc2635e000 	C:\WINDOWS\SYSTEM32\DBGHELP.DLL
0x00007ffc2e010000 - 0x00007ffc2e39a000 	C:\WINDOWS\System32\combase.dll
0x00007ffc2ec80000 - 0x00007ffc2ed57000 	C:\WINDOWS\System32\OLEAUT32.dll
0x00007ffc25ec0000 - 0x00007ffc25ef2000 	C:\WINDOWS\SYSTEM32\dbgcore.DLL
0x00007ffc2de30000 - 0x00007ffc2deaa000 	C:\WINDOWS\System32\bcryptPrimitives.dll
0x00007ffc18780000 - 0x00007ffc187a8000 	C:\Program Files\Microsoft\jdk-11.0.20.8-hotspot\bin\java.dll
0x00007ffc18290000 - 0x00007ffc1829a000 	C:\Program Files\Microsoft\jdk-11.0.20.8-hotspot\bin\jimage.dll
0x00007ffbec440000 - 0x00007ffbec458000 	C:\Program Files\Microsoft\jdk-11.0.20.8-hotspot\bin\zip.dll
0x00007ffc2edb0000 - 0x00007ffc2f5c6000 	C:\WINDOWS\System32\SHELL32.dll
0x00007ffc2b5b0000 - 0x00007ffc2be9a000 	C:\WINDOWS\SYSTEM32\windows.storage.dll
0x00007ffc2b470000 - 0x00007ffc2b5ae000 	C:\WINDOWS\SYSTEM32\wintypes.dll
0x00007ffc2eb80000 - 0x00007ffc2ec73000 	C:\WINDOWS\System32\SHCORE.dll
0x00007ffc2fbc0000 - 0x00007ffc2fc1e000 	C:\WINDOWS\System32\shlwapi.dll
0x00007ffc2d560000 - 0x00007ffc2d586000 	C:\WINDOWS\SYSTEM32\profapi.dll
0x00007ffbe4e60000 - 0x00007ffbe4e79000 	C:\Program Files\Microsoft\jdk-11.0.20.8-hotspot\bin\net.dll
0x00007ffc284d0000 - 0x00007ffc28607000 	C:\WINDOWS\SYSTEM32\WINHTTP.dll
0x00007ffc2caa0000 - 0x00007ffc2cb09000 	C:\WINDOWS\system32\mswsock.dll
0x00007ffbe2ad0000 - 0x00007ffbe2ae3000 	C:\Program Files\Microsoft\jdk-11.0.20.8-hotspot\bin\nio.dll
0x00007ffbe2990000 - 0x00007ffbe29b7000 	C:\Users\msi laptop\.gradle\native\68d5fa5c4cc2d200863cafc0d521ce42e7d3e7ee720ec0a83991735586a16f82\windows-amd64\native-platform.dll
0x00007ffba9b50000 - 0x00007ffba9c94000 	C:\Users\msi laptop\.gradle\native\e376f236ea51e6404a007f0833ffe2c6e607c4080706a723a18a27aeea778392\windows-amd64\native-platform-file-events.dll
0x00007ffbfd1b0000 - 0x00007ffbfd1b9000 	C:\Program Files\Microsoft\jdk-11.0.20.8-hotspot\bin\management.dll
0x00007ffbfd0b0000 - 0x00007ffbfd0bb000 	C:\Program Files\Microsoft\jdk-11.0.20.8-hotspot\bin\management_ext.dll
0x00007ffc2ceb0000 - 0x00007ffc2cecb000 	C:\WINDOWS\SYSTEM32\CRYPTSP.dll
0x00007ffc2c5a0000 - 0x00007ffc2c5d5000 	C:\WINDOWS\system32\rsaenh.dll
0x00007ffc2cb40000 - 0x00007ffc2cb6c000 	C:\WINDOWS\SYSTEM32\USERENV.dll
0x00007ffc2cf60000 - 0x00007ffc2cf88000 	C:\WINDOWS\SYSTEM32\bcrypt.dll
0x00007ffc2cd10000 - 0x00007ffc2cd1c000 	C:\WINDOWS\SYSTEM32\CRYPTBASE.dll
0x00007ffc2c100000 - 0x00007ffc2c12d000 	C:\WINDOWS\SYSTEM32\IPHLPAPI.DLL
0x00007ffc2f5d0000 - 0x00007ffc2f5d9000 	C:\WINDOWS\System32\NSI.dll
0x00007ffc28460000 - 0x00007ffc28479000 	C:\WINDOWS\SYSTEM32\dhcpcsvc6.DLL
0x00007ffc28440000 - 0x00007ffc2845f000 	C:\WINDOWS\SYSTEM32\dhcpcsvc.DLL
0x00007ffc2c170000 - 0x00007ffc2c263000 	C:\WINDOWS\SYSTEM32\DNSAPI.dll

dbghelp: loaded successfully - version: 4.0.5 - missing functions: none
symbol engine: initialized successfully - sym options: 0x614 - pdb path: .;C:\Program Files\Microsoft\jdk-11.0.20.8-hotspot\bin;C:\WINDOWS\SYSTEM32;C:\WINDOWS\WinSxS\amd64_microsoft.windows.common-controls_6595b64144ccf1df_6.0.22621.2070_none_2713e6537381f706;C:\Program Files\Microsoft\jdk-11.0.20.8-hotspot\bin\server;C:\Users\msi laptop\.gradle\native\68d5fa5c4cc2d200863cafc0d521ce42e7d3e7ee720ec0a83991735586a16f82\windows-amd64;C:\Users\msi laptop\.gradle\native\e376f236ea51e6404a007f0833ffe2c6e607c4080706a723a18a27aeea778392\windows-amd64

VM Arguments:
jvm_args: -XX:MaxMetaspaceSize=512m --add-opens=java.base/java.util=ALL-UNNAMED --add-opens=java.base/java.lang=ALL-UNNAMED --add-opens=java.base/java.lang.invoke=ALL-UNNAMED --add-opens=java.prefs/java.util.prefs=ALL-UNNAMED --add-opens=java.base/java.nio.charset=ALL-UNNAMED --add-opens=java.base/java.net=ALL-UNNAMED --add-opens=java.base/java.util.concurrent.atomic=ALL-UNNAMED -Xmx2048m -Dfile.encoding=windows-1252 -Duser.country=US -Duser.language=en -Duser.variant 
java_command: org.gradle.launcher.daemon.bootstrap.GradleDaemon 8.0.1
java_class_path (initial): C:\Users\msi laptop\.gradle\wrapper\dists\gradle-8.0.1-all\aro4hu1c3oeioove7l0i4i14o\gradle-8.0.1\lib\gradle-launcher-8.0.1.jar
Launcher Type: SUN_STANDARD

[Global flags]
     intx CICompilerCount                          = 4                                         {product} {ergonomic}
   size_t CompressedClassSpaceSize                 = 528482304                                 {product} {ergonomic}
     uint ConcGCThreads                            = 3                                         {product} {ergonomic}
     uint G1ConcRefinementThreads                  = 10                                        {product} {ergonomic}
   size_t G1HeapRegionSize                         = 1048576                                   {product} {ergonomic}
    uintx GCDrainStackTargetSize                   = 64                                        {product} {ergonomic}
   size_t InitialHeapSize                          = 266338304                                 {product} {ergonomic}
   size_t MarkStackSize                            = 4194304                                   {product} {ergonomic}
   size_t MaxHeapSize                              = 2147483648                                {product} {command line}
   size_t MaxMetaspaceSize                         = 536870912                                 {product} {command line}
   size_t MaxNewSize                               = 1287651328                                {product} {ergonomic}
   size_t MinHeapDeltaBytes                        = 1048576                                   {product} {ergonomic}
    uintx NonNMethodCodeHeapSize                   = 5836300                                {pd product} {ergonomic}
    uintx NonProfiledCodeHeapSize                  = 122910970                              {pd product} {ergonomic}
    uintx ProfiledCodeHeapSize                     = 122910970                              {pd product} {ergonomic}
    uintx ReservedCodeCacheSize                    = 251658240                              {pd product} {ergonomic}
     bool SegmentedCodeCache                       = true                                      {product} {ergonomic}
     bool UseCompressedClassPointers               = true                                 {lp64_product} {ergonomic}
     bool UseCompressedOops                        = true                                 {lp64_product} {ergonomic}
     bool UseG1GC                                  = true                                      {product} {ergonomic}
     bool UseLargePagesIndividualAllocation        = false                                  {pd product} {ergonomic}

Logging:
Log output configuration:
 #0: stdout all=warning uptime,level,tags
 #1: stderr all=off uptime,level,tags

Environment Variables:
JAVA_HOME=C:\Program Files\Microsoft\jdk-11.0.20.8-hotspot\
CLASSPATH=c:\Users\msi laptop\Desktop\ReactNative\NoDhoka\android\\gradle\wrapper\gradle-wrapper.jar
PATH=C:\Program Files\Microsoft\jdk-11.0.20.8-hotspot\bin;C:\WINDOWS\system32;C:\WINDOWS;C:\WINDOWS\System32\Wbem;C:\WINDOWS\System32\WindowsPowerShell\v1.0\;C:\WINDOWS\System32\OpenSSH\;C:\Users\msi laptop\AppData\Roaming\nvm;C:\Program Files\nodejs;C:\Program Files\Docker\Docker\resources\bin;C:\Program Files\Git\cmd;C:\Program Files\MongoDB\Server\6.0\bin;C:\mongosh\mongosh-1.10.1-win32-x64\bin;C:\ProgramData\chocolatey\bin;C:\Program Files\nodejs\;C:\Users\msi laptop\AppData\Local\Microsoft\WindowsApps;C:\Users\msi laptop\AppData\Local\Programs\Microsoft VS Code\bin;C:\Users\msi laptop\AppData\Roaming\npm;C:\Users\msi laptop\AppData\Local\Android\Sdk\platform-tools
USERNAME=msi laptop
OS=Windows_NT
PROCESSOR_IDENTIFIER=Intel64 Family 6 Model 151 Stepping 2, GenuineIntel
TMP=C:\Users\MSILAP~1\AppData\Local\Temp
TEMP=C:\Users\MSILAP~1\AppData\Local\Temp



---------------  S Y S T E M  ---------------

OS: Windows 11 , 64 bit Build 22621 (10.0.22621.2070)
OS uptime: 0 days 2:46 hours
Hyper-V role detected

CPU:total 12 (initial active 12) (6 cores per cpu, 2 threads per core) family 6 model 151 stepping 2 microcode 0x18, cmov, cx8, fxsr, mmx, sse, sse2, sse3, ssse3, sse4.1, sse4.2, popcnt, avx, avx2, aes, clmul, erms, 3dnowpref, lzcnt, ht, tsc, tscinvbit, bmi1, bmi2, adx, sha, fma

Memory: 4k page, system-wide physical 16197M (749M free)
TotalPageFile size 19058M (AvailPageFile size 4M)
current process WorkingSet (physical memory assigned to process): 290M, peak: 292M
current process commit charge ("private bytes"): 471M, peak: 472M

vm_info: OpenJDK 64-Bit Server VM (11.0.20+8-LTS) for windows-amd64 JRE (11.0.20+8-LTS), built on Jul  7 2023 17:05:21 by "MicrosoftCorporation" with MS VC++ 15.9 (VS2017)

END.
